2022/06/08 13:07:13 main.go:16: test
2022/06/20 20:58:31 server.go:3197: http: panic serving [::1]:51950: open app/views/templates/public_nabvar.html: no such file or directory
goroutine 20 [running]:
net/http.(*conn).serve.func1()
	/usr/local/Cellar/go/1.18.2/libexec/src/net/http/server.go:1825 +0xbf
panic({0x44b2f20, 0xc000186450})
	/usr/local/Cellar/go/1.18.2/libexec/src/runtime/panic.go:844 +0x258
html/template.Must(...)
	/usr/local/Cellar/go/1.18.2/libexec/src/html/template/template.go:374
todo_app/app/controllers.generateHTML({0x45981a0?, 0xc0001a0000}, {0x0, 0x0}, {0xc0000489e0?, 0x3, 0x0?})
	/Users/fujihara_hideyuki/projects/todo_app/app/controllers/server.go:18 +0x106
todo_app/app/controllers.login({0x45981a0?, 0xc0001a0000?}, 0x0?)
	/Users/fujihara_hideyuki/projects/todo_app/app/controllers/route_auth.go:50 +0x8d
net/http.HandlerFunc.ServeHTTP(0x4f69f58?, {0x45981a0?, 0xc0001a0000?}, 0x4011605?)
	/usr/local/Cellar/go/1.18.2/libexec/src/net/http/server.go:2084 +0x2f
net/http.(*ServeMux).ServeHTTP(0x0?, {0x45981a0, 0xc0001a0000}, 0xc00010c200)
	/usr/local/Cellar/go/1.18.2/libexec/src/net/http/server.go:2462 +0x149
net/http.serverHandler.ServeHTTP({0xc00009b770?}, {0x45981a0, 0xc0001a0000}, 0xc00010c200)
	/usr/local/Cellar/go/1.18.2/libexec/src/net/http/server.go:2916 +0x43b
net/http.(*conn).serve(0xc0000b9540, {0x4598458, 0xc00009b560})
	/usr/local/Cellar/go/1.18.2/libexec/src/net/http/server.go:1966 +0x5d7
created by net/http.(*Server).Serve
	/usr/local/Cellar/go/1.18.2/libexec/src/net/http/server.go:3071 +0x4db
2022/06/20 20:58:31 server.go:3197: http: panic serving [::1]:51951: open app/views/templates/public_nabvar.html: no such file or directory
goroutine 21 [running]:
net/http.(*conn).serve.func1()
	/usr/local/Cellar/go/1.18.2/libexec/src/net/http/server.go:1825 +0xbf
panic({0x44b2f20, 0xc000186900})
	/usr/local/Cellar/go/1.18.2/libexec/src/runtime/panic.go:844 +0x258
html/template.Must(...)
	/usr/local/Cellar/go/1.18.2/libexec/src/html/template/template.go:374
todo_app/app/controllers.generateHTML({0x45981a0?, 0xc0001a00e0}, {0x0, 0x0}, {0xc0000c39e0?, 0x3, 0x0?})
	/Users/fujihara_hideyuki/projects/todo_app/app/controllers/server.go:18 +0x106
todo_app/app/controllers.login({0x45981a0?, 0xc0001a00e0?}, 0x0?)
	/Users/fujihara_hideyuki/projects/todo_app/app/controllers/route_auth.go:50 +0x8d
net/http.HandlerFunc.ServeHTTP(0x4f69e68?, {0x45981a0?, 0xc0001a00e0?}, 0x4011605?)
	/usr/local/Cellar/go/1.18.2/libexec/src/net/http/server.go:2084 +0x2f
net/http.(*ServeMux).ServeHTTP(0x0?, {0x45981a0, 0xc0001a00e0}, 0xc00010c100)
	/usr/local/Cellar/go/1.18.2/libexec/src/net/http/server.go:2462 +0x149
net/http.serverHandler.ServeHTTP({0xc00009b6b0?}, {0x45981a0, 0xc0001a00e0}, 0xc00010c100)
	/usr/local/Cellar/go/1.18.2/libexec/src/net/http/server.go:2916 +0x43b
net/http.(*conn).serve(0xc0000b95e0, {0x4598458, 0xc00009b560})
	/usr/local/Cellar/go/1.18.2/libexec/src/net/http/server.go:1966 +0x5d7
created by net/http.(*Server).Serve
	/usr/local/Cellar/go/1.18.2/libexec/src/net/http/server.go:3071 +0x4db
2022/06/20 20:58:31 server.go:3197: http: panic serving [::1]:51952: open app/views/templates/public_nabvar.html: no such file or directory
goroutine 22 [running]:
net/http.(*conn).serve.func1()
	/usr/local/Cellar/go/1.18.2/libexec/src/net/http/server.go:1825 +0xbf
panic({0x44b2f20, 0xc00009bce0})
	/usr/local/Cellar/go/1.18.2/libexec/src/runtime/panic.go:844 +0x258
html/template.Must(...)
	/usr/local/Cellar/go/1.18.2/libexec/src/html/template/template.go:374
todo_app/app/controllers.generateHTML({0x45981a0?, 0xc00011e0e0}, {0x0, 0x0}, {0xc0000499e0?, 0x3, 0x0?})
	/Users/fujihara_hideyuki/projects/todo_app/app/controllers/server.go:18 +0x106
todo_app/app/controllers.login({0x45981a0?, 0xc00011e0e0?}, 0x0?)
	/Users/fujihara_hideyuki/projects/todo_app/app/controllers/route_auth.go:50 +0x8d
net/http.HandlerFunc.ServeHTTP(0x4f69e68?, {0x45981a0?, 0xc00011e0e0?}, 0x4011605?)
	/usr/local/Cellar/go/1.18.2/libexec/src/net/http/server.go:2084 +0x2f
net/http.(*ServeMux).ServeHTTP(0x0?, {0x45981a0, 0xc00011e0e0}, 0xc00010c300)
	/usr/local/Cellar/go/1.18.2/libexec/src/net/http/server.go:2462 +0x149
net/http.serverHandler.ServeHTTP({0xc00009b860?}, {0x45981a0, 0xc00011e0e0}, 0xc00010c300)
	/usr/local/Cellar/go/1.18.2/libexec/src/net/http/server.go:2916 +0x43b
net/http.(*conn).serve(0xc0000b9680, {0x4598458, 0xc00009b560})
	/usr/local/Cellar/go/1.18.2/libexec/src/net/http/server.go:1966 +0x5d7
created by net/http.(*Server).Serve
	/usr/local/Cellar/go/1.18.2/libexec/src/net/http/server.go:3071 +0x4db
2022/06/20 20:58:33 server.go:3197: http: panic serving [::1]:51953: open app/views/templates/public_nabvar.html: no such file or directory
goroutine 5 [running]:
net/http.(*conn).serve.func1()
	/usr/local/Cellar/go/1.18.2/libexec/src/net/http/server.go:1825 +0xbf
panic({0x44b2f20, 0xc0001501b0})
	/usr/local/Cellar/go/1.18.2/libexec/src/runtime/panic.go:844 +0x258
html/template.Must(...)
	/usr/local/Cellar/go/1.18.2/libexec/src/html/template/template.go:374
todo_app/app/controllers.generateHTML({0x45981a0?, 0xc00011e1c0}, {0x0, 0x0}, {0xc00004e9e0?, 0x3, 0x0?})
	/Users/fujihara_hideyuki/projects/todo_app/app/controllers/server.go:18 +0x106
todo_app/app/controllers.login({0x45981a0?, 0xc00011e1c0?}, 0x0?)
	/Users/fujihara_hideyuki/projects/todo_app/app/controllers/route_auth.go:50 +0x8d
net/http.HandlerFunc.ServeHTTP(0x4f69e68?, {0x45981a0?, 0xc00011e1c0?}, 0x4011605?)
	/usr/local/Cellar/go/1.18.2/libexec/src/net/http/server.go:2084 +0x2f
net/http.(*ServeMux).ServeHTTP(0x0?, {0x45981a0, 0xc00011e1c0}, 0xc000078100)
	/usr/local/Cellar/go/1.18.2/libexec/src/net/http/server.go:2462 +0x149
net/http.serverHandler.ServeHTTP({0xc000072180?}, {0x45981a0, 0xc00011e1c0}, 0xc000078100)
	/usr/local/Cellar/go/1.18.2/libexec/src/net/http/server.go:2916 +0x43b
net/http.(*conn).serve(0xc000074000, {0x4598458, 0xc00009b560})
	/usr/local/Cellar/go/1.18.2/libexec/src/net/http/server.go:1966 +0x5d7
created by net/http.(*Server).Serve
	/usr/local/Cellar/go/1.18.2/libexec/src/net/http/server.go:3071 +0x4db
2022/06/20 20:58:33 server.go:3197: http: panic serving [::1]:51954: open app/views/templates/public_nabvar.html: no such file or directory
goroutine 6 [running]:
net/http.(*conn).serve.func1()
	/usr/local/Cellar/go/1.18.2/libexec/src/net/http/server.go:1825 +0xbf
panic({0x44b2f20, 0xc000186de0})
	/usr/local/Cellar/go/1.18.2/libexec/src/runtime/panic.go:844 +0x258
html/template.Must(...)
	/usr/local/Cellar/go/1.18.2/libexec/src/html/template/template.go:374
todo_app/app/controllers.generateHTML({0x45981a0?, 0xc0001a01c0}, {0x0, 0x0}, {0xc00004d9e0?, 0x3, 0x0?})
	/Users/fujihara_hideyuki/projects/todo_app/app/controllers/server.go:18 +0x106
todo_app/app/controllers.login({0x45981a0?, 0xc0001a01c0?}, 0x0?)
	/Users/fujihara_hideyuki/projects/todo_app/app/controllers/route_auth.go:50 +0x8d
net/http.HandlerFunc.ServeHTTP(0x4f69f58?, {0x45981a0?, 0xc0001a01c0?}, 0x4011605?)
	/usr/local/Cellar/go/1.18.2/libexec/src/net/http/server.go:2084 +0x2f
net/http.(*ServeMux).ServeHTTP(0x0?, {0x45981a0, 0xc0001a01c0}, 0xc000078000)
	/usr/local/Cellar/go/1.18.2/libexec/src/net/http/server.go:2462 +0x149
net/http.serverHandler.ServeHTTP({0xc0000720f0?}, {0x45981a0, 0xc0001a01c0}, 0xc000078000)
	/usr/local/Cellar/go/1.18.2/libexec/src/net/http/server.go:2916 +0x43b
net/http.(*conn).serve(0xc0000740a0, {0x4598458, 0xc00009b560})
	/usr/local/Cellar/go/1.18.2/libexec/src/net/http/server.go:1966 +0x5d7
created by net/http.(*Server).Serve
	/usr/local/Cellar/go/1.18.2/libexec/src/net/http/server.go:3071 +0x4db
2022/06/20 20:58:33 server.go:3197: http: panic serving [::1]:51955: open app/views/templates/public_nabvar.html: no such file or directory
goroutine 7 [running]:
net/http.(*conn).serve.func1()
	/usr/local/Cellar/go/1.18.2/libexec/src/net/http/server.go:1825 +0xbf
panic({0x44b2f20, 0xc000187260})
	/usr/local/Cellar/go/1.18.2/libexec/src/runtime/panic.go:844 +0x258
html/template.Must(...)
	/usr/local/Cellar/go/1.18.2/libexec/src/html/template/template.go:374
todo_app/app/controllers.generateHTML({0x45981a0?, 0xc0001a02a0}, {0x0, 0x0}, {0xc00004f9e0?, 0x3, 0x0?})
	/Users/fujihara_hideyuki/projects/todo_app/app/controllers/server.go:18 +0x106
todo_app/app/controllers.login({0x45981a0?, 0xc0001a02a0?}, 0x0?)
	/Users/fujihara_hideyuki/projects/todo_app/app/controllers/route_auth.go:50 +0x8d
net/http.HandlerFunc.ServeHTTP(0x4f69f58?, {0x45981a0?, 0xc0001a02a0?}, 0x4011605?)
	/usr/local/Cellar/go/1.18.2/libexec/src/net/http/server.go:2084 +0x2f
net/http.(*ServeMux).ServeHTTP(0x0?, {0x45981a0, 0xc0001a02a0}, 0xc000078300)
	/usr/local/Cellar/go/1.18.2/libexec/src/net/http/server.go:2462 +0x149
net/http.serverHandler.ServeHTTP({0xc000072270?}, {0x45981a0, 0xc0001a02a0}, 0xc000078300)
	/usr/local/Cellar/go/1.18.2/libexec/src/net/http/server.go:2916 +0x43b
net/http.(*conn).serve(0xc000074140, {0x4598458, 0xc00009b560})
	/usr/local/Cellar/go/1.18.2/libexec/src/net/http/server.go:1966 +0x5d7
created by net/http.(*Server).Serve
	/usr/local/Cellar/go/1.18.2/libexec/src/net/http/server.go:3071 +0x4db
2022/06/20 20:58:35 server.go:3197: http: panic serving [::1]:51956: open app/views/templates/public_nabvar.html: no such file or directory
goroutine 42 [running]:
net/http.(*conn).serve.func1()
	/usr/local/Cellar/go/1.18.2/libexec/src/net/http/server.go:1825 +0xbf
panic({0x44b2f20, 0xc0000726f0})
	/usr/local/Cellar/go/1.18.2/libexec/src/runtime/panic.go:844 +0x258
html/template.Must(...)
	/usr/local/Cellar/go/1.18.2/libexec/src/html/template/template.go:374
todo_app/app/controllers.generateHTML({0x45981a0?, 0xc00007e000}, {0x0, 0x0}, {0xc00004d9e0?, 0x3, 0x0?})
	/Users/fujihara_hideyuki/projects/todo_app/app/controllers/server.go:18 +0x106
todo_app/app/controllers.login({0x45981a0?, 0xc00007e000?}, 0x0?)
	/Users/fujihara_hideyuki/projects/todo_app/app/controllers/route_auth.go:50 +0x8d
net/http.HandlerFunc.ServeHTTP(0x4f69f58?, {0x45981a0?, 0xc00007e000?}, 0x4011605?)
	/usr/local/Cellar/go/1.18.2/libexec/src/net/http/server.go:2084 +0x2f
net/http.(*ServeMux).ServeHTTP(0x0?, {0x45981a0, 0xc00007e000}, 0xc000184300)
	/usr/local/Cellar/go/1.18.2/libexec/src/net/http/server.go:2462 +0x149
net/http.serverHandler.ServeHTTP({0xc0001873e0?}, {0x45981a0, 0xc00007e000}, 0xc000184300)
	/usr/local/Cellar/go/1.18.2/libexec/src/net/http/server.go:2916 +0x43b
net/http.(*conn).serve(0xc0001f6000, {0x4598458, 0xc00009b560})
	/usr/local/Cellar/go/1.18.2/libexec/src/net/http/server.go:1966 +0x5d7
created by net/http.(*Server).Serve
	/usr/local/Cellar/go/1.18.2/libexec/src/net/http/server.go:3071 +0x4db
2022/06/20 20:58:35 server.go:3197: http: panic serving [::1]:51957: open app/views/templates/public_nabvar.html: no such file or directory
goroutine 43 [running]:
net/http.(*conn).serve.func1()
	/usr/local/Cellar/go/1.18.2/libexec/src/net/http/server.go:1825 +0xbf
panic({0x44b2f20, 0xc00021a450})
	/usr/local/Cellar/go/1.18.2/libexec/src/runtime/panic.go:844 +0x258
html/template.Must(...)
	/usr/local/Cellar/go/1.18.2/libexec/src/html/template/template.go:374
todo_app/app/controllers.generateHTML({0x45981a0?, 0xc000232000}, {0x0, 0x0}, {0xc00004f9e0?, 0x3, 0x0?})
	/Users/fujihara_hideyuki/projects/todo_app/app/controllers/server.go:18 +0x106
todo_app/app/controllers.login({0x45981a0?, 0xc000232000?}, 0x0?)
	/Users/fujihara_hideyuki/projects/todo_app/app/controllers/route_auth.go:50 +0x8d
net/http.HandlerFunc.ServeHTTP(0x4f69e68?, {0x45981a0?, 0xc000232000?}, 0x4011605?)
	/usr/local/Cellar/go/1.18.2/libexec/src/net/http/server.go:2084 +0x2f
net/http.(*ServeMux).ServeHTTP(0x0?, {0x45981a0, 0xc000232000}, 0xc000184200)
	/usr/local/Cellar/go/1.18.2/libexec/src/net/http/server.go:2462 +0x149
net/http.serverHandler.ServeHTTP({0xc000187380?}, {0x45981a0, 0xc000232000}, 0xc000184200)
	/usr/local/Cellar/go/1.18.2/libexec/src/net/http/server.go:2916 +0x43b
net/http.(*conn).serve(0xc0001f60a0, {0x4598458, 0xc00009b560})
	/usr/local/Cellar/go/1.18.2/libexec/src/net/http/server.go:1966 +0x5d7
created by net/http.(*Server).Serve
	/usr/local/Cellar/go/1.18.2/libexec/src/net/http/server.go:3071 +0x4db
2022/06/20 20:58:35 server.go:3197: http: panic serving [::1]:51958: open app/views/templates/public_nabvar.html: no such file or directory
goroutine 27 [running]:
net/http.(*conn).serve.func1()
	/usr/local/Cellar/go/1.18.2/libexec/src/net/http/server.go:1825 +0xbf
panic({0x44b2f20, 0xc000150750})
	/usr/local/Cellar/go/1.18.2/libexec/src/runtime/panic.go:844 +0x258
html/template.Must(...)
	/usr/local/Cellar/go/1.18.2/libexec/src/html/template/template.go:374
todo_app/app/controllers.generateHTML({0x45981a0?, 0xc00011e2a0}, {0x0, 0x0}, {0xc00004e9e0?, 0x3, 0x0?})
	/Users/fujihara_hideyuki/projects/todo_app/app/controllers/server.go:18 +0x106
todo_app/app/controllers.login({0x45981a0?, 0xc00011e2a0?}, 0x0?)
	/Users/fujihara_hideyuki/projects/todo_app/app/controllers/route_auth.go:50 +0x8d
net/http.HandlerFunc.ServeHTTP(0x4f69e68?, {0x45981a0?, 0xc00011e2a0?}, 0x4011605?)
	/usr/local/Cellar/go/1.18.2/libexec/src/net/http/server.go:2084 +0x2f
net/http.(*ServeMux).ServeHTTP(0x0?, {0x45981a0, 0xc00011e2a0}, 0xc00010c500)
	/usr/local/Cellar/go/1.18.2/libexec/src/net/http/server.go:2462 +0x149
net/http.serverHandler.ServeHTTP({0xc0001502d0?}, {0x45981a0, 0xc00011e2a0}, 0xc00010c500)
	/usr/local/Cellar/go/1.18.2/libexec/src/net/http/server.go:2916 +0x43b
net/http.(*conn).serve(0xc0000b9720, {0x4598458, 0xc00009b560})
	/usr/local/Cellar/go/1.18.2/libexec/src/net/http/server.go:1966 +0x5d7
created by net/http.(*Server).Serve
	/usr/local/Cellar/go/1.18.2/libexec/src/net/http/server.go:3071 +0x4db
2022/06/20 20:59:44 server.go:3197: http: panic serving [::1]:51995: open app/views/templates/public_nabvar.html: no such file or directory
goroutine 20 [running]:
net/http.(*conn).serve.func1()
	/usr/local/Cellar/go/1.18.2/libexec/src/net/http/server.go:1825 +0xbf
panic({0x44b2f20, 0xc000186450})
	/usr/local/Cellar/go/1.18.2/libexec/src/runtime/panic.go:844 +0x258
html/template.Must(...)
	/usr/local/Cellar/go/1.18.2/libexec/src/html/template/template.go:374
todo_app/app/controllers.generateHTML({0x45981a0?, 0xc0001a0000}, {0x0, 0x0}, {0xc0000489e0?, 0x3, 0x0?})
	/Users/fujihara_hideyuki/projects/todo_app/app/controllers/server.go:18 +0x106
todo_app/app/controllers.login({0x45981a0?, 0xc0001a0000?}, 0x0?)
	/Users/fujihara_hideyuki/projects/todo_app/app/controllers/route_auth.go:50 +0x8d
net/http.HandlerFunc.ServeHTTP(0x4f69f58?, {0x45981a0?, 0xc0001a0000?}, 0x4011605?)
	/usr/local/Cellar/go/1.18.2/libexec/src/net/http/server.go:2084 +0x2f
net/http.(*ServeMux).ServeHTTP(0x0?, {0x45981a0, 0xc0001a0000}, 0xc00010c200)
	/usr/local/Cellar/go/1.18.2/libexec/src/net/http/server.go:2462 +0x149
net/http.serverHandler.ServeHTTP({0xc00009b770?}, {0x45981a0, 0xc0001a0000}, 0xc00010c200)
	/usr/local/Cellar/go/1.18.2/libexec/src/net/http/server.go:2916 +0x43b
net/http.(*conn).serve(0xc0000b9400, {0x4598458, 0xc00009b560})
	/usr/local/Cellar/go/1.18.2/libexec/src/net/http/server.go:1966 +0x5d7
created by net/http.(*Server).Serve
	/usr/local/Cellar/go/1.18.2/libexec/src/net/http/server.go:3071 +0x4db
2022/06/20 20:59:44 server.go:3197: http: panic serving [::1]:51996: open app/views/templates/public_nabvar.html: no such file or directory
goroutine 21 [running]:
net/http.(*conn).serve.func1()
	/usr/local/Cellar/go/1.18.2/libexec/src/net/http/server.go:1825 +0xbf
panic({0x44b2f20, 0xc000186900})
	/usr/local/Cellar/go/1.18.2/libexec/src/runtime/panic.go:844 +0x258
html/template.Must(...)
	/usr/local/Cellar/go/1.18.2/libexec/src/html/template/template.go:374
todo_app/app/controllers.generateHTML({0x45981a0?, 0xc0001a00e0}, {0x0, 0x0}, {0xc0000c39e0?, 0x3, 0x0?})
	/Users/fujihara_hideyuki/projects/todo_app/app/controllers/server.go:18 +0x106
todo_app/app/controllers.login({0x45981a0?, 0xc0001a00e0?}, 0x0?)
	/Users/fujihara_hideyuki/projects/todo_app/app/controllers/route_auth.go:50 +0x8d
net/http.HandlerFunc.ServeHTTP(0x4f69e68?, {0x45981a0?, 0xc0001a00e0?}, 0x4011605?)
	/usr/local/Cellar/go/1.18.2/libexec/src/net/http/server.go:2084 +0x2f
net/http.(*ServeMux).ServeHTTP(0x0?, {0x45981a0, 0xc0001a00e0}, 0xc00010c100)
	/usr/local/Cellar/go/1.18.2/libexec/src/net/http/server.go:2462 +0x149
net/http.serverHandler.ServeHTTP({0xc00009b6b0?}, {0x45981a0, 0xc0001a00e0}, 0xc00010c100)
	/usr/local/Cellar/go/1.18.2/libexec/src/net/http/server.go:2916 +0x43b
net/http.(*conn).serve(0xc0000b94a0, {0x4598458, 0xc00009b560})
	/usr/local/Cellar/go/1.18.2/libexec/src/net/http/server.go:1966 +0x5d7
created by net/http.(*Server).Serve
	/usr/local/Cellar/go/1.18.2/libexec/src/net/http/server.go:3071 +0x4db
2022/06/20 20:59:44 server.go:3197: http: panic serving [::1]:51997: open app/views/templates/public_nabvar.html: no such file or directory
goroutine 22 [running]:
net/http.(*conn).serve.func1()
	/usr/local/Cellar/go/1.18.2/libexec/src/net/http/server.go:1825 +0xbf
panic({0x44b2f20, 0xc000186d80})
	/usr/local/Cellar/go/1.18.2/libexec/src/runtime/panic.go:844 +0x258
html/template.Must(...)
	/usr/local/Cellar/go/1.18.2/libexec/src/html/template/template.go:374
todo_app/app/controllers.generateHTML({0x45981a0?, 0xc0001a01c0}, {0x0, 0x0}, {0xc0000499e0?, 0x3, 0x0?})
	/Users/fujihara_hideyuki/projects/todo_app/app/controllers/server.go:18 +0x106
todo_app/app/controllers.login({0x45981a0?, 0xc0001a01c0?}, 0x0?)
	/Users/fujihara_hideyuki/projects/todo_app/app/controllers/route_auth.go:50 +0x8d
net/http.HandlerFunc.ServeHTTP(0x4f69e68?, {0x45981a0?, 0xc0001a01c0?}, 0x4011605?)
	/usr/local/Cellar/go/1.18.2/libexec/src/net/http/server.go:2084 +0x2f
net/http.(*ServeMux).ServeHTTP(0x0?, {0x45981a0, 0xc0001a01c0}, 0xc00010c300)
	/usr/local/Cellar/go/1.18.2/libexec/src/net/http/server.go:2462 +0x149
net/http.serverHandler.ServeHTTP({0xc00009b860?}, {0x45981a0, 0xc0001a01c0}, 0xc00010c300)
	/usr/local/Cellar/go/1.18.2/libexec/src/net/http/server.go:2916 +0x43b
net/http.(*conn).serve(0xc0000b9540, {0x4598458, 0xc00009b560})
	/usr/local/Cellar/go/1.18.2/libexec/src/net/http/server.go:1966 +0x5d7
created by net/http.(*Server).Serve
	/usr/local/Cellar/go/1.18.2/libexec/src/net/http/server.go:3071 +0x4db
2022/06/20 20:59:49 server.go:3197: http: panic serving [::1]:51998: open app/views/templates/public_nabvar.html: no such file or directory
goroutine 5 [running]:
net/http.(*conn).serve.func1()
	/usr/local/Cellar/go/1.18.2/libexec/src/net/http/server.go:1825 +0xbf
panic({0x44b2f20, 0xc000072600})
	/usr/local/Cellar/go/1.18.2/libexec/src/runtime/panic.go:844 +0x258
html/template.Must(...)
	/usr/local/Cellar/go/1.18.2/libexec/src/html/template/template.go:374
todo_app/app/controllers.generateHTML({0x45981a0?, 0xc000294000}, {0x0, 0x0}, {0xc00004e9e0?, 0x3, 0x0?})
	/Users/fujihara_hideyuki/projects/todo_app/app/controllers/server.go:18 +0x106
todo_app/app/controllers.login({0x45981a0?, 0xc000294000?}, 0x0?)
	/Users/fujihara_hideyuki/projects/todo_app/app/controllers/route_auth.go:50 +0x8d
net/http.HandlerFunc.ServeHTTP(0x4f69e68?, {0x45981a0?, 0xc000294000?}, 0x4011605?)
	/usr/local/Cellar/go/1.18.2/libexec/src/net/http/server.go:2084 +0x2f
net/http.(*ServeMux).ServeHTTP(0x0?, {0x45981a0, 0xc000294000}, 0xc000078100)
	/usr/local/Cellar/go/1.18.2/libexec/src/net/http/server.go:2462 +0x149
net/http.serverHandler.ServeHTTP({0xc000072150?}, {0x45981a0, 0xc000294000}, 0xc000078100)
	/usr/local/Cellar/go/1.18.2/libexec/src/net/http/server.go:2916 +0x43b
net/http.(*conn).serve(0xc000074000, {0x4598458, 0xc00009b560})
	/usr/local/Cellar/go/1.18.2/libexec/src/net/http/server.go:1966 +0x5d7
created by net/http.(*Server).Serve
	/usr/local/Cellar/go/1.18.2/libexec/src/net/http/server.go:3071 +0x4db
2022/06/20 20:59:49 server.go:3197: http: panic serving [::1]:51999: open app/views/templates/public_nabvar.html: no such file or directory
goroutine 6 [running]:
net/http.(*conn).serve.func1()
	/usr/local/Cellar/go/1.18.2/libexec/src/net/http/server.go:1825 +0xbf
panic({0x44b2f20, 0xc00009bce0})
	/usr/local/Cellar/go/1.18.2/libexec/src/runtime/panic.go:844 +0x258
html/template.Must(...)
	/usr/local/Cellar/go/1.18.2/libexec/src/html/template/template.go:374
todo_app/app/controllers.generateHTML({0x45981a0?, 0xc00011e0e0}, {0x0, 0x0}, {0xc00004d9e0?, 0x3, 0x0?})
	/Users/fujihara_hideyuki/projects/todo_app/app/controllers/server.go:18 +0x106
todo_app/app/controllers.login({0x45981a0?, 0xc00011e0e0?}, 0x0?)
	/Users/fujihara_hideyuki/projects/todo_app/app/controllers/route_auth.go:50 +0x8d
net/http.HandlerFunc.ServeHTTP(0x4f69f58?, {0x45981a0?, 0xc00011e0e0?}, 0x4011605?)
	/usr/local/Cellar/go/1.18.2/libexec/src/net/http/server.go:2084 +0x2f
net/http.(*ServeMux).ServeHTTP(0x0?, {0x45981a0, 0xc00011e0e0}, 0xc000078000)
	/usr/local/Cellar/go/1.18.2/libexec/src/net/http/server.go:2462 +0x149
net/http.serverHandler.ServeHTTP({0xc0000720f0?}, {0x45981a0, 0xc00011e0e0}, 0xc000078000)
	/usr/local/Cellar/go/1.18.2/libexec/src/net/http/server.go:2916 +0x43b
net/http.(*conn).serve(0xc0000740a0, {0x4598458, 0xc00009b560})
	/usr/local/Cellar/go/1.18.2/libexec/src/net/http/server.go:1966 +0x5d7
created by net/http.(*Server).Serve
	/usr/local/Cellar/go/1.18.2/libexec/src/net/http/server.go:3071 +0x4db
2022/06/20 20:59:49 server.go:3197: http: panic serving [::1]:52000: open app/views/templates/public_nabvar.html: no such file or directory
goroutine 40 [running]:
net/http.(*conn).serve.func1()
	/usr/local/Cellar/go/1.18.2/libexec/src/net/http/server.go:1825 +0xbf
panic({0x44b2f20, 0xc00014a1b0})
	/usr/local/Cellar/go/1.18.2/libexec/src/runtime/panic.go:844 +0x258
html/template.Must(...)
	/usr/local/Cellar/go/1.18.2/libexec/src/html/template/template.go:374
todo_app/app/controllers.generateHTML({0x45981a0?, 0xc00011e1c0}, {0x0, 0x0}, {0xc0000499e0?, 0x3, 0x0?})
	/Users/fujihara_hideyuki/projects/todo_app/app/controllers/server.go:18 +0x106
todo_app/app/controllers.login({0x45981a0?, 0xc00011e1c0?}, 0x0?)
	/Users/fujihara_hideyuki/projects/todo_app/app/controllers/route_auth.go:50 +0x8d
net/http.HandlerFunc.ServeHTTP(0x4f69f58?, {0x45981a0?, 0xc00011e1c0?}, 0x4011605?)
	/usr/local/Cellar/go/1.18.2/libexec/src/net/http/server.go:2084 +0x2f
net/http.(*ServeMux).ServeHTTP(0x0?, {0x45981a0, 0xc00011e1c0}, 0xc0001fa000)
	/usr/local/Cellar/go/1.18.2/libexec/src/net/http/server.go:2462 +0x149
net/http.serverHandler.ServeHTTP({0xc000186e40?}, {0x45981a0, 0xc00011e1c0}, 0xc0001fa000)
	/usr/local/Cellar/go/1.18.2/libexec/src/net/http/server.go:2916 +0x43b
net/http.(*conn).serve(0xc0001f8000, {0x4598458, 0xc00009b560})
	/usr/local/Cellar/go/1.18.2/libexec/src/net/http/server.go:1966 +0x5d7
created by net/http.(*Server).Serve
	/usr/local/Cellar/go/1.18.2/libexec/src/net/http/server.go:3071 +0x4db
2022/06/20 21:01:13 server.go:3197: http: panic serving [::1]:52038: open app/views/templates/public_nabvar.html: no such file or directory
goroutine 20 [running]:
net/http.(*conn).serve.func1()
	/usr/local/Cellar/go/1.18.2/libexec/src/net/http/server.go:1825 +0xbf
panic({0x44b2f20, 0xc00009bc80})
	/usr/local/Cellar/go/1.18.2/libexec/src/runtime/panic.go:844 +0x258
html/template.Must(...)
	/usr/local/Cellar/go/1.18.2/libexec/src/html/template/template.go:374
todo_app/app/controllers.generateHTML({0x45981a0?, 0xc00011e0e0}, {0x0, 0x0}, {0xc0000cd9e0?, 0x3, 0x0?})
	/Users/fujihara_hideyuki/projects/todo_app/app/controllers/server.go:18 +0x106
todo_app/app/controllers.login({0x45981a0?, 0xc00011e0e0?}, 0x0?)
	/Users/fujihara_hideyuki/projects/todo_app/app/controllers/route_auth.go:50 +0x8d
net/http.HandlerFunc.ServeHTTP(0x4f69f58?, {0x45981a0?, 0xc00011e0e0?}, 0x4011605?)
	/usr/local/Cellar/go/1.18.2/libexec/src/net/http/server.go:2084 +0x2f
net/http.(*ServeMux).ServeHTTP(0x0?, {0x45981a0, 0xc00011e0e0}, 0xc000072700)
	/usr/local/Cellar/go/1.18.2/libexec/src/net/http/server.go:2462 +0x149
net/http.serverHandler.ServeHTTP({0xc00009b770?}, {0x45981a0, 0xc00011e0e0}, 0xc000072700)
	/usr/local/Cellar/go/1.18.2/libexec/src/net/http/server.go:2916 +0x43b
net/http.(*conn).serve(0xc0000b9360, {0x4598458, 0xc00009b560})
	/usr/local/Cellar/go/1.18.2/libexec/src/net/http/server.go:1966 +0x5d7
created by net/http.(*Server).Serve
	/usr/local/Cellar/go/1.18.2/libexec/src/net/http/server.go:3071 +0x4db
2022/06/20 21:01:13 server.go:3197: http: panic serving [::1]:52040: open app/views/templates/public_nabvar.html: no such file or directory
goroutine 6 [running]:
net/http.(*conn).serve.func1()
	/usr/local/Cellar/go/1.18.2/libexec/src/net/http/server.go:1825 +0xbf
panic({0x44b2f20, 0xc000334360})
	/usr/local/Cellar/go/1.18.2/libexec/src/runtime/panic.go:844 +0x258
html/template.Must(...)
	/usr/local/Cellar/go/1.18.2/libexec/src/html/template/template.go:374
todo_app/app/controllers.generateHTML({0x45981a0?, 0xc0001a0380}, {0x0, 0x0}, {0xc00020d9e0?, 0x3, 0x0?})
	/Users/fujihara_hideyuki/projects/todo_app/app/controllers/server.go:18 +0x106
todo_app/app/controllers.login({0x45981a0?, 0xc0001a0380?}, 0x0?)
	/Users/fujihara_hideyuki/projects/todo_app/app/controllers/route_auth.go:50 +0x8d
net/http.HandlerFunc.ServeHTTP(0x4f69d78?, {0x45981a0?, 0xc0001a0380?}, 0x4011605?)
	/usr/local/Cellar/go/1.18.2/libexec/src/net/http/server.go:2084 +0x2f
net/http.(*ServeMux).ServeHTTP(0x0?, {0x45981a0, 0xc0001a0380}, 0xc00010c300)
	/usr/local/Cellar/go/1.18.2/libexec/src/net/http/server.go:2462 +0x149
net/http.serverHandler.ServeHTTP({0xc000074180?}, {0x45981a0, 0xc0001a0380}, 0xc00010c300)
	/usr/local/Cellar/go/1.18.2/libexec/src/net/http/server.go:2916 +0x43b
net/http.(*conn).serve(0xc000204000, {0x4598458, 0xc00009b560})
	/usr/local/Cellar/go/1.18.2/libexec/src/net/http/server.go:1966 +0x5d7
created by net/http.(*Server).Serve
	/usr/local/Cellar/go/1.18.2/libexec/src/net/http/server.go:3071 +0x4db
2022/06/20 21:01:13 server.go:3197: http: panic serving [::1]:52039: open app/views/templates/public_nabvar.html: no such file or directory
goroutine 21 [running]:
net/http.(*conn).serve.func1()
	/usr/local/Cellar/go/1.18.2/libexec/src/net/http/server.go:1825 +0xbf
panic({0x44b2f20, 0xc000075380})
	/usr/local/Cellar/go/1.18.2/libexec/src/runtime/panic.go:844 +0x258
html/template.Must(...)
	/usr/local/Cellar/go/1.18.2/libexec/src/html/template/template.go:374
todo_app/app/controllers.generateHTML({0x45981a0?, 0xc00007a2a0}, {0x0, 0x0}, {0xc0000c39e0?, 0x3, 0x0?})
	/Users/fujihara_hideyuki/projects/todo_app/app/controllers/server.go:18 +0x106
todo_app/app/controllers.login({0x45981a0?, 0xc00007a2a0?}, 0x0?)
	/Users/fujihara_hideyuki/projects/todo_app/app/controllers/route_auth.go:50 +0x8d
net/http.HandlerFunc.ServeHTTP(0x4f69e68?, {0x45981a0?, 0xc00007a2a0?}, 0x4011605?)
	/usr/local/Cellar/go/1.18.2/libexec/src/net/http/server.go:2084 +0x2f
net/http.(*ServeMux).ServeHTTP(0x0?, {0x45981a0, 0xc00007a2a0}, 0xc000072200)
	/usr/local/Cellar/go/1.18.2/libexec/src/net/http/server.go:2462 +0x149
net/http.serverHandler.ServeHTTP({0xc00009b6b0?}, {0x45981a0, 0xc00007a2a0}, 0xc000072200)
	/usr/local/Cellar/go/1.18.2/libexec/src/net/http/server.go:2916 +0x43b
net/http.(*conn).serve(0xc0000b9400, {0x4598458, 0xc00009b560})
	/usr/local/Cellar/go/1.18.2/libexec/src/net/http/server.go:1966 +0x5d7
created by net/http.(*Server).Serve
	/usr/local/Cellar/go/1.18.2/libexec/src/net/http/server.go:3071 +0x4db
2022/06/20 21:01:13 server.go:3197: http: panic serving [::1]:52043: open app/views/templates/public_nabvar.html: no such file or directory
goroutine 50 [running]:
net/http.(*conn).serve.func1()
	/usr/local/Cellar/go/1.18.2/libexec/src/net/http/server.go:1825 +0xbf
panic({0x44b2f20, 0xc000388510})
	/usr/local/Cellar/go/1.18.2/libexec/src/runtime/panic.go:844 +0x258
html/template.Must(...)
	/usr/local/Cellar/go/1.18.2/libexec/src/html/template/template.go:374
todo_app/app/controllers.generateHTML({0x45981a0?, 0xc0003bc000}, {0x0, 0x0}, {0xc00039c9e0?, 0x3, 0x0?})
	/Users/fujihara_hideyuki/projects/todo_app/app/controllers/server.go:18 +0x106
todo_app/app/controllers.login({0x45981a0?, 0xc0003bc000?}, 0x0?)
	/Users/fujihara_hideyuki/projects/todo_app/app/controllers/route_auth.go:50 +0x8d
net/http.HandlerFunc.ServeHTTP(0x4f69e68?, {0x45981a0?, 0xc0003bc000?}, 0x4011605?)
	/usr/local/Cellar/go/1.18.2/libexec/src/net/http/server.go:2084 +0x2f
net/http.(*ServeMux).ServeHTTP(0x0?, {0x45981a0, 0xc0003bc000}, 0xc0003a6000)
	/usr/local/Cellar/go/1.18.2/libexec/src/net/http/server.go:2462 +0x149
net/http.serverHandler.ServeHTTP({0xc000388090?}, {0x45981a0, 0xc0003bc000}, 0xc0003a6000)
	/usr/local/Cellar/go/1.18.2/libexec/src/net/http/server.go:2916 +0x43b
net/http.(*conn).serve(0xc00038c000, {0x4598458, 0xc00009b560})
	/usr/local/Cellar/go/1.18.2/libexec/src/net/http/server.go:1966 +0x5d7
created by net/http.(*Server).Serve
	/usr/local/Cellar/go/1.18.2/libexec/src/net/http/server.go:3071 +0x4db
2022/06/20 21:01:14 server.go:3197: http: panic serving [::1]:52050: open app/views/templates/public_nabvar.html: no such file or directory
goroutine 24 [running]:
net/http.(*conn).serve.func1()
	/usr/local/Cellar/go/1.18.2/libexec/src/net/http/server.go:1825 +0xbf
panic({0x44b2f20, 0xc0003889c0})
	/usr/local/Cellar/go/1.18.2/libexec/src/runtime/panic.go:844 +0x258
html/template.Must(...)
	/usr/local/Cellar/go/1.18.2/libexec/src/html/template/template.go:374
todo_app/app/controllers.generateHTML({0x45981a0?, 0xc0003bc0e0}, {0x0, 0x0}, {0xc00004a9e0?, 0x3, 0x0?})
	/Users/fujihara_hideyuki/projects/todo_app/app/controllers/server.go:18 +0x106
todo_app/app/controllers.login({0x45981a0?, 0xc0003bc0e0?}, 0x0?)
	/Users/fujihara_hideyuki/projects/todo_app/app/controllers/route_auth.go:50 +0x8d
net/http.HandlerFunc.ServeHTTP(0x4f69e68?, {0x45981a0?, 0xc0003bc0e0?}, 0x4011605?)
	/usr/local/Cellar/go/1.18.2/libexec/src/net/http/server.go:2084 +0x2f
net/http.(*ServeMux).ServeHTTP(0x0?, {0x45981a0, 0xc0003bc0e0}, 0xc00010c600)
	/usr/local/Cellar/go/1.18.2/libexec/src/net/http/server.go:2462 +0x149
net/http.serverHandler.ServeHTTP({0xc00009be60?}, {0x45981a0, 0xc0003bc0e0}, 0xc00010c600)
	/usr/local/Cellar/go/1.18.2/libexec/src/net/http/server.go:2916 +0x43b
net/http.(*conn).serve(0xc0000b9540, {0x4598458, 0xc00009b560})
	/usr/local/Cellar/go/1.18.2/libexec/src/net/http/server.go:1966 +0x5d7
created by net/http.(*Server).Serve
	/usr/local/Cellar/go/1.18.2/libexec/src/net/http/server.go:3071 +0x4db
2022/06/20 21:01:14 server.go:3197: http: panic serving [::1]:52051: open app/views/templates/public_nabvar.html: no such file or directory
goroutine 25 [running]:
net/http.(*conn).serve.func1()
	/usr/local/Cellar/go/1.18.2/libexec/src/net/http/server.go:1825 +0xbf
panic({0x44b2f20, 0xc000075800})
	/usr/local/Cellar/go/1.18.2/libexec/src/runtime/panic.go:844 +0x258
html/template.Must(...)
	/usr/local/Cellar/go/1.18.2/libexec/src/html/template/template.go:374
todo_app/app/controllers.generateHTML({0x45981a0?, 0xc00007a380}, {0x0, 0x0}, {0xc0000499e0?, 0x3, 0x0?})
	/Users/fujihara_hideyuki/projects/todo_app/app/controllers/server.go:18 +0x106
todo_app/app/controllers.login({0x45981a0?, 0xc00007a380?}, 0x0?)
	/Users/fujihara_hideyuki/projects/todo_app/app/controllers/route_auth.go:50 +0x8d
net/http.HandlerFunc.ServeHTTP(0x4f69d78?, {0x45981a0?, 0xc00007a380?}, 0x4011605?)
	/usr/local/Cellar/go/1.18.2/libexec/src/net/http/server.go:2084 +0x2f
net/http.(*ServeMux).ServeHTTP(0x0?, {0x45981a0, 0xc00007a380}, 0xc00010c500)
	/usr/local/Cellar/go/1.18.2/libexec/src/net/http/server.go:2462 +0x149
net/http.serverHandler.ServeHTTP({0xc00009be00?}, {0x45981a0, 0xc00007a380}, 0xc00010c500)
	/usr/local/Cellar/go/1.18.2/libexec/src/net/http/server.go:2916 +0x43b
net/http.(*conn).serve(0xc0000b95e0, {0x4598458, 0xc00009b560})
	/usr/local/Cellar/go/1.18.2/libexec/src/net/http/server.go:1966 +0x5d7
created by net/http.(*Server).Serve
	/usr/local/Cellar/go/1.18.2/libexec/src/net/http/server.go:3071 +0x4db
2022/06/20 21:01:14 server.go:3197: http: panic serving [::1]:52052: open app/views/templates/public_nabvar.html: no such file or directory
goroutine 41 [running]:
net/http.(*conn).serve.func1()
	/usr/local/Cellar/go/1.18.2/libexec/src/net/http/server.go:1825 +0xbf
panic({0x44b2f20, 0xc0003348a0})
	/usr/local/Cellar/go/1.18.2/libexec/src/runtime/panic.go:844 +0x258
html/template.Must(...)
	/usr/local/Cellar/go/1.18.2/libexec/src/html/template/template.go:374
todo_app/app/controllers.generateHTML({0x45981a0?, 0xc0001a0460}, {0x0, 0x0}, {0xc0000489e0?, 0x3, 0x0?})
	/Users/fujihara_hideyuki/projects/todo_app/app/controllers/server.go:18 +0x106
todo_app/app/controllers.login({0x45981a0?, 0xc0001a0460?}, 0x0?)
	/Users/fujihara_hideyuki/projects/todo_app/app/controllers/route_auth.go:50 +0x8d
net/http.HandlerFunc.ServeHTTP(0x4f69d78?, {0x45981a0?, 0xc0001a0460?}, 0x4011605?)
	/usr/local/Cellar/go/1.18.2/libexec/src/net/http/server.go:2084 +0x2f
net/http.(*ServeMux).ServeHTTP(0x0?, {0x45981a0, 0xc0001a0460}, 0xc000184700)
	/usr/local/Cellar/go/1.18.2/libexec/src/net/http/server.go:2462 +0x149
net/http.serverHandler.ServeHTTP({0xc000334420?}, {0x45981a0, 0xc0001a0460}, 0xc000184700)
	/usr/local/Cellar/go/1.18.2/libexec/src/net/http/server.go:2916 +0x43b
net/http.(*conn).serve(0xc0001d2280, {0x4598458, 0xc00009b560})
	/usr/local/Cellar/go/1.18.2/libexec/src/net/http/server.go:1966 +0x5d7
created by net/http.(*Server).Serve
	/usr/local/Cellar/go/1.18.2/libexec/src/net/http/server.go:3071 +0x4db
2022/06/20 21:01:19 server.go:3197: http: panic serving [::1]:52053: open app/views/templates/public_nabvar.html: no such file or directory
goroutine 55 [running]:
net/http.(*conn).serve.func1()
	/usr/local/Cellar/go/1.18.2/libexec/src/net/http/server.go:1825 +0xbf
panic({0x44b2f20, 0xc000334d50})
	/usr/local/Cellar/go/1.18.2/libexec/src/runtime/panic.go:844 +0x258
html/template.Must(...)
	/usr/local/Cellar/go/1.18.2/libexec/src/html/template/template.go:374
todo_app/app/controllers.generateHTML({0x45981a0?, 0xc0001a0540}, {0x0, 0x0}, {0xc00039c9e0?, 0x3, 0x0?})
	/Users/fujihara_hideyuki/projects/todo_app/app/controllers/server.go:18 +0x106
todo_app/app/controllers.login({0x45981a0?, 0xc0001a0540?}, 0x0?)
	/Users/fujihara_hideyuki/projects/todo_app/app/controllers/route_auth.go:50 +0x8d
net/http.HandlerFunc.ServeHTTP(0x4f69d78?, {0x45981a0?, 0xc0001a0540?}, 0x4011605?)
	/usr/local/Cellar/go/1.18.2/libexec/src/net/http/server.go:2084 +0x2f
net/http.(*ServeMux).ServeHTTP(0x0?, {0x45981a0, 0xc0001a0540}, 0xc0003a6300)
	/usr/local/Cellar/go/1.18.2/libexec/src/net/http/server.go:2462 +0x149
net/http.serverHandler.ServeHTTP({0xc000388b40?}, {0x45981a0, 0xc0001a0540}, 0xc0003a6300)
	/usr/local/Cellar/go/1.18.2/libexec/src/net/http/server.go:2916 +0x43b
net/http.(*conn).serve(0xc00038c0a0, {0x4598458, 0xc00009b560})
	/usr/local/Cellar/go/1.18.2/libexec/src/net/http/server.go:1966 +0x5d7
created by net/http.(*Server).Serve
	/usr/local/Cellar/go/1.18.2/libexec/src/net/http/server.go:3071 +0x4db
2022/06/20 21:01:19 server.go:3197: http: panic serving [::1]:52054: open app/views/templates/public_nabvar.html: no such file or directory
goroutine 56 [running]:
net/http.(*conn).serve.func1()
	/usr/local/Cellar/go/1.18.2/libexec/src/net/http/server.go:1825 +0xbf
panic({0x44b2f20, 0xc000388fc0})
	/usr/local/Cellar/go/1.18.2/libexec/src/runtime/panic.go:844 +0x258
html/template.Must(...)
	/usr/local/Cellar/go/1.18.2/libexec/src/html/template/template.go:374
todo_app/app/controllers.generateHTML({0x45981a0?, 0xc0003bc1c0}, {0x0, 0x0}, {0xc00004a9e0?, 0x3, 0x0?})
	/Users/fujihara_hideyuki/projects/todo_app/app/controllers/server.go:18 +0x106
todo_app/app/controllers.login({0x45981a0?, 0xc0003bc1c0?}, 0x0?)
	/Users/fujihara_hideyuki/projects/todo_app/app/controllers/route_auth.go:50 +0x8d
net/http.HandlerFunc.ServeHTTP(0x4f69e68?, {0x45981a0?, 0xc0003bc1c0?}, 0x4011605?)
	/usr/local/Cellar/go/1.18.2/libexec/src/net/http/server.go:2084 +0x2f
net/http.(*ServeMux).ServeHTTP(0x0?, {0x45981a0, 0xc0003bc1c0}, 0xc0003a6200)
	/usr/local/Cellar/go/1.18.2/libexec/src/net/http/server.go:2462 +0x149
net/http.serverHandler.ServeHTTP({0xc000388ae0?}, {0x45981a0, 0xc0003bc1c0}, 0xc0003a6200)
	/usr/local/Cellar/go/1.18.2/libexec/src/net/http/server.go:2916 +0x43b
net/http.(*conn).serve(0xc00038c140, {0x4598458, 0xc00009b560})
	/usr/local/Cellar/go/1.18.2/libexec/src/net/http/server.go:1966 +0x5d7
created by net/http.(*Server).Serve
	/usr/local/Cellar/go/1.18.2/libexec/src/net/http/server.go:3071 +0x4db
2022/06/20 21:01:19 server.go:3197: http: panic serving [::1]:52055: open app/views/templates/public_nabvar.html: no such file or directory
goroutine 46 [running]:
net/http.(*conn).serve.func1()
	/usr/local/Cellar/go/1.18.2/libexec/src/net/http/server.go:1825 +0xbf
panic({0x44b2f20, 0xc000389440})
	/usr/local/Cellar/go/1.18.2/libexec/src/runtime/panic.go:844 +0x258
html/template.Must(...)
	/usr/local/Cellar/go/1.18.2/libexec/src/html/template/template.go:374
todo_app/app/controllers.generateHTML({0x45981a0?, 0xc0003bc2a0}, {0x0, 0x0}, {0xc00039c9e0?, 0x3, 0x0?})
	/Users/fujihara_hideyuki/projects/todo_app/app/controllers/server.go:18 +0x106
todo_app/app/controllers.login({0x45981a0?, 0xc0003bc2a0?}, 0x0?)
	/Users/fujihara_hideyuki/projects/todo_app/app/controllers/route_auth.go:50 +0x8d
net/http.HandlerFunc.ServeHTTP(0x4f69e68?, {0x45981a0?, 0xc0003bc2a0?}, 0x4011605?)
	/usr/local/Cellar/go/1.18.2/libexec/src/net/http/server.go:2084 +0x2f
net/http.(*ServeMux).ServeHTTP(0x0?, {0x45981a0, 0xc0003bc2a0}, 0xc000184800)
	/usr/local/Cellar/go/1.18.2/libexec/src/net/http/server.go:2462 +0x149
net/http.serverHandler.ServeHTTP({0xc000334e10?}, {0x45981a0, 0xc0003bc2a0}, 0xc000184800)
	/usr/local/Cellar/go/1.18.2/libexec/src/net/http/server.go:2916 +0x43b
net/http.(*conn).serve(0xc0001d2320, {0x4598458, 0xc00009b560})
	/usr/local/Cellar/go/1.18.2/libexec/src/net/http/server.go:1966 +0x5d7
created by net/http.(*Server).Serve
	/usr/local/Cellar/go/1.18.2/libexec/src/net/http/server.go:3071 +0x4db
2022/06/20 21:01:20 server.go:3197: http: panic serving [::1]:52056: open app/views/templates/public_nabvar.html: no such file or directory
goroutine 26 [running]:
net/http.(*conn).serve.func1()
	/usr/local/Cellar/go/1.18.2/libexec/src/net/http/server.go:1825 +0xbf
panic({0x44b2f20, 0xc000389920})
	/usr/local/Cellar/go/1.18.2/libexec/src/runtime/panic.go:844 +0x258
html/template.Must(...)
	/usr/local/Cellar/go/1.18.2/libexec/src/html/template/template.go:374
todo_app/app/controllers.generateHTML({0x45981a0?, 0xc0003bc380}, {0x0, 0x0}, {0xc0003989e0?, 0x3, 0x0?})
	/Users/fujihara_hideyuki/projects/todo_app/app/controllers/server.go:18 +0x106
todo_app/app/controllers.login({0x45981a0?, 0xc0003bc380?}, 0x0?)
	/Users/fujihara_hideyuki/projects/todo_app/app/controllers/route_auth.go:50 +0x8d
net/http.HandlerFunc.ServeHTTP(0x4f69e68?, {0x45981a0?, 0xc0003bc380?}, 0x4011605?)
	/usr/local/Cellar/go/1.18.2/libexec/src/net/http/server.go:2084 +0x2f
net/http.(*ServeMux).ServeHTTP(0x0?, {0x45981a0, 0xc0003bc380}, 0xc00010c800)
	/usr/local/Cellar/go/1.18.2/libexec/src/net/http/server.go:2462 +0x149
net/http.serverHandler.ServeHTTP({0xc00014c030?}, {0x45981a0, 0xc0003bc380}, 0xc00010c800)
	/usr/local/Cellar/go/1.18.2/libexec/src/net/http/server.go:2916 +0x43b
net/http.(*conn).serve(0xc0000b9680, {0x4598458, 0xc00009b560})
	/usr/local/Cellar/go/1.18.2/libexec/src/net/http/server.go:1966 +0x5d7
created by net/http.(*Server).Serve
	/usr/local/Cellar/go/1.18.2/libexec/src/net/http/server.go:3071 +0x4db
2022/06/20 21:01:20 server.go:3197: http: panic serving [::1]:52057: open app/views/templates/public_nabvar.html: no such file or directory
goroutine 27 [running]:
net/http.(*conn).serve.func1()
	/usr/local/Cellar/go/1.18.2/libexec/src/net/http/server.go:1825 +0xbf
panic({0x44b2f20, 0xc000335290})
	/usr/local/Cellar/go/1.18.2/libexec/src/runtime/panic.go:844 +0x258
html/template.Must(...)
	/usr/local/Cellar/go/1.18.2/libexec/src/html/template/template.go:374
todo_app/app/controllers.generateHTML({0x45981a0?, 0xc0001a0620}, {0x0, 0x0}, {0xc00004b9e0?, 0x3, 0x0?})
	/Users/fujihara_hideyuki/projects/todo_app/app/controllers/server.go:18 +0x106
todo_app/app/controllers.login({0x45981a0?, 0xc0001a0620?}, 0x0?)
	/Users/fujihara_hideyuki/projects/todo_app/app/controllers/route_auth.go:50 +0x8d
net/http.HandlerFunc.ServeHTTP(0x4f69d78?, {0x45981a0?, 0xc0001a0620?}, 0x4011605?)
	/usr/local/Cellar/go/1.18.2/libexec/src/net/http/server.go:2084 +0x2f
net/http.(*ServeMux).ServeHTTP(0x0?, {0x45981a0, 0xc0001a0620}, 0xc00010c700)
	/usr/local/Cellar/go/1.18.2/libexec/src/net/http/server.go:2462 +0x149
net/http.serverHandler.ServeHTTP({0xc00009bfb0?}, {0x45981a0, 0xc0001a0620}, 0xc00010c700)
	/usr/local/Cellar/go/1.18.2/libexec/src/net/http/server.go:2916 +0x43b
net/http.(*conn).serve(0xc0000b9720, {0x4598458, 0xc00009b560})
	/usr/local/Cellar/go/1.18.2/libexec/src/net/http/server.go:1966 +0x5d7
created by net/http.(*Server).Serve
	/usr/local/Cellar/go/1.18.2/libexec/src/net/http/server.go:3071 +0x4db
2022/06/20 21:01:20 server.go:3197: http: panic serving [::1]:52058: open app/views/templates/public_nabvar.html: no such file or directory
goroutine 49 [running]:
net/http.(*conn).serve.func1()
	/usr/local/Cellar/go/1.18.2/libexec/src/net/http/server.go:1825 +0xbf
panic({0x44b2f20, 0xc0003357d0})
	/usr/local/Cellar/go/1.18.2/libexec/src/runtime/panic.go:844 +0x258
html/template.Must(...)
	/usr/local/Cellar/go/1.18.2/libexec/src/html/template/template.go:374
todo_app/app/controllers.generateHTML({0x45981a0?, 0xc0001a0700}, {0x0, 0x0}, {0xc00004b9e0?, 0x3, 0x0?})
	/Users/fujihara_hideyuki/projects/todo_app/app/controllers/server.go:18 +0x106
todo_app/app/controllers.login({0x45981a0?, 0xc0001a0700?}, 0x0?)
	/Users/fujihara_hideyuki/projects/todo_app/app/controllers/route_auth.go:50 +0x8d
net/http.HandlerFunc.ServeHTTP(0x4f69d78?, {0x45981a0?, 0xc0001a0700?}, 0x4011605?)
	/usr/local/Cellar/go/1.18.2/libexec/src/net/http/server.go:2084 +0x2f
net/http.(*ServeMux).ServeHTTP(0x0?, {0x45981a0, 0xc0001a0700}, 0xc000184a00)
	/usr/local/Cellar/go/1.18.2/libexec/src/net/http/server.go:2462 +0x149
net/http.serverHandler.ServeHTTP({0xc000335350?}, {0x45981a0, 0xc0001a0700}, 0xc000184a00)
	/usr/local/Cellar/go/1.18.2/libexec/src/net/http/server.go:2916 +0x43b
net/http.(*conn).serve(0xc0001d23c0, {0x4598458, 0xc00009b560})
	/usr/local/Cellar/go/1.18.2/libexec/src/net/http/server.go:1966 +0x5d7
created by net/http.(*Server).Serve
	/usr/local/Cellar/go/1.18.2/libexec/src/net/http/server.go:3071 +0x4db
2022/06/20 21:01:21 server.go:3197: http: panic serving [::1]:52059: open app/views/templates/public_nabvar.html: no such file or directory
goroutine 28 [running]:
net/http.(*conn).serve.func1()
	/usr/local/Cellar/go/1.18.2/libexec/src/net/http/server.go:1825 +0xbf
panic({0x44b2f20, 0xc000335c50})
	/usr/local/Cellar/go/1.18.2/libexec/src/runtime/panic.go:844 +0x258
html/template.Must(...)
	/usr/local/Cellar/go/1.18.2/libexec/src/html/template/template.go:374
todo_app/app/controllers.generateHTML({0x45981a0?, 0xc0001a07e0}, {0x0, 0x0}, {0xc00039a9e0?, 0x3, 0x0?})
	/Users/fujihara_hideyuki/projects/todo_app/app/controllers/server.go:18 +0x106
todo_app/app/controllers.login({0x45981a0?, 0xc0001a07e0?}, 0x0?)
	/Users/fujihara_hideyuki/projects/todo_app/app/controllers/route_auth.go:50 +0x8d
net/http.HandlerFunc.ServeHTTP(0x4f69d78?, {0x45981a0?, 0xc0001a07e0?}, 0x4011605?)
	/usr/local/Cellar/go/1.18.2/libexec/src/net/http/server.go:2084 +0x2f
net/http.(*ServeMux).ServeHTTP(0x0?, {0x45981a0, 0xc0001a07e0}, 0xc00010ca00)
	/usr/local/Cellar/go/1.18.2/libexec/src/net/http/server.go:2462 +0x149
net/http.serverHandler.ServeHTTP({0xc00014c1b0?}, {0x45981a0, 0xc0001a07e0}, 0xc00010ca00)
	/usr/local/Cellar/go/1.18.2/libexec/src/net/http/server.go:2916 +0x43b
net/http.(*conn).serve(0xc0000b97c0, {0x4598458, 0xc00009b560})
	/usr/local/Cellar/go/1.18.2/libexec/src/net/http/server.go:1966 +0x5d7
created by net/http.(*Server).Serve
	/usr/local/Cellar/go/1.18.2/libexec/src/net/http/server.go:3071 +0x4db
2022/06/20 21:01:21 server.go:3197: http: panic serving [::1]:52060: open app/views/templates/public_nabvar.html: no such file or directory
goroutine 29 [running]:
net/http.(*conn).serve.func1()
	/usr/local/Cellar/go/1.18.2/libexec/src/net/http/server.go:1825 +0xbf
panic({0x44b2f20, 0xc000389da0})
	/usr/local/Cellar/go/1.18.2/libexec/src/runtime/panic.go:844 +0x258
html/template.Must(...)
	/usr/local/Cellar/go/1.18.2/libexec/src/html/template/template.go:374
todo_app/app/controllers.generateHTML({0x45981a0?, 0xc0003bc460}, {0x0, 0x0}, {0xc0003999e0?, 0x3, 0x0?})
	/Users/fujihara_hideyuki/projects/todo_app/app/controllers/server.go:18 +0x106
todo_app/app/controllers.login({0x45981a0?, 0xc0003bc460?}, 0x0?)
	/Users/fujihara_hideyuki/projects/todo_app/app/controllers/route_auth.go:50 +0x8d
net/http.HandlerFunc.ServeHTTP(0x4f69e68?, {0x45981a0?, 0xc0003bc460?}, 0x4011605?)
	/usr/local/Cellar/go/1.18.2/libexec/src/net/http/server.go:2084 +0x2f
net/http.(*ServeMux).ServeHTTP(0x0?, {0x45981a0, 0xc0003bc460}, 0xc00010c900)
	/usr/local/Cellar/go/1.18.2/libexec/src/net/http/server.go:2462 +0x149
net/http.serverHandler.ServeHTTP({0xc00014c150?}, {0x45981a0, 0xc0003bc460}, 0xc00010c900)
	/usr/local/Cellar/go/1.18.2/libexec/src/net/http/server.go:2916 +0x43b
net/http.(*conn).serve(0xc0000b9860, {0x4598458, 0xc00009b560})
	/usr/local/Cellar/go/1.18.2/libexec/src/net/http/server.go:1966 +0x5d7
created by net/http.(*Server).Serve
	/usr/local/Cellar/go/1.18.2/libexec/src/net/http/server.go:3071 +0x4db
2022/06/20 21:01:21 server.go:3197: http: panic serving [::1]:52061: open app/views/templates/public_nabvar.html: no such file or directory
goroutine 16 [running]:
net/http.(*conn).serve.func1()
	/usr/local/Cellar/go/1.18.2/libexec/src/net/http/server.go:1825 +0xbf
panic({0x44b2f20, 0xc000075da0})
	/usr/local/Cellar/go/1.18.2/libexec/src/runtime/panic.go:844 +0x258
html/template.Must(...)
	/usr/local/Cellar/go/1.18.2/libexec/src/html/template/template.go:374
todo_app/app/controllers.generateHTML({0x45981a0?, 0xc00007a460}, {0x0, 0x0}, {0xc0000499e0?, 0x3, 0x0?})
	/Users/fujihara_hideyuki/projects/todo_app/app/controllers/server.go:18 +0x106
todo_app/app/controllers.login({0x45981a0?, 0xc00007a460?}, 0x0?)
	/Users/fujihara_hideyuki/projects/todo_app/app/controllers/route_auth.go:50 +0x8d
net/http.HandlerFunc.ServeHTTP(0x4f69e68?, {0x45981a0?, 0xc00007a460?}, 0x4011605?)
	/usr/local/Cellar/go/1.18.2/libexec/src/net/http/server.go:2084 +0x2f
net/http.(*ServeMux).ServeHTTP(0x0?, {0x45981a0, 0xc00007a460}, 0xc000072900)
	/usr/local/Cellar/go/1.18.2/libexec/src/net/http/server.go:2462 +0x149
net/http.serverHandler.ServeHTTP({0xc000075920?}, {0x45981a0, 0xc00007a460}, 0xc000072900)
	/usr/local/Cellar/go/1.18.2/libexec/src/net/http/server.go:2916 +0x43b
net/http.(*conn).serve(0xc0002041e0, {0x4598458, 0xc00009b560})
	/usr/local/Cellar/go/1.18.2/libexec/src/net/http/server.go:1966 +0x5d7
created by net/http.(*Server).Serve
	/usr/local/Cellar/go/1.18.2/libexec/src/net/http/server.go:3071 +0x4db
2022/06/20 21:01:53 server.go:3197: http: panic serving [::1]:52062: open app/views/templates/public_nabvar.html: no such file or directory
goroutine 30 [running]:
net/http.(*conn).serve.func1()
	/usr/local/Cellar/go/1.18.2/libexec/src/net/http/server.go:1825 +0xbf
panic({0x44b2f20, 0xc00014c780})
	/usr/local/Cellar/go/1.18.2/libexec/src/runtime/panic.go:844 +0x258
html/template.Must(...)
	/usr/local/Cellar/go/1.18.2/libexec/src/html/template/template.go:374
todo_app/app/controllers.generateHTML({0x45981a0?, 0xc00011e1c0}, {0x0, 0x0}, {0xc00037f9e0?, 0x3, 0x0?})
	/Users/fujihara_hideyuki/projects/todo_app/app/controllers/server.go:18 +0x106
todo_app/app/controllers.login({0x45981a0?, 0xc00011e1c0?}, 0x0?)
	/Users/fujihara_hideyuki/projects/todo_app/app/controllers/route_auth.go:50 +0x8d
net/http.HandlerFunc.ServeHTTP(0x4f69e68?, {0x45981a0?, 0xc00011e1c0?}, 0x4011605?)
	/usr/local/Cellar/go/1.18.2/libexec/src/net/http/server.go:2084 +0x2f
net/http.(*ServeMux).ServeHTTP(0x0?, {0x45981a0, 0xc00011e1c0}, 0xc0003a6600)
	/usr/local/Cellar/go/1.18.2/libexec/src/net/http/server.go:2462 +0x149
net/http.serverHandler.ServeHTTP({0xc00014c330?}, {0x45981a0, 0xc00011e1c0}, 0xc0003a6600)
	/usr/local/Cellar/go/1.18.2/libexec/src/net/http/server.go:2916 +0x43b
net/http.(*conn).serve(0xc0000b9900, {0x4598458, 0xc00009b560})
	/usr/local/Cellar/go/1.18.2/libexec/src/net/http/server.go:1966 +0x5d7
created by net/http.(*Server).Serve
	/usr/local/Cellar/go/1.18.2/libexec/src/net/http/server.go:3071 +0x4db
2022/06/20 21:01:53 server.go:3197: http: panic serving [::1]:52063: open app/views/templates/public_nabvar.html: no such file or directory
goroutine 31 [running]:
net/http.(*conn).serve.func1()
	/usr/local/Cellar/go/1.18.2/libexec/src/net/http/server.go:1825 +0xbf
panic({0x44b2f20, 0xc000270e10})
	/usr/local/Cellar/go/1.18.2/libexec/src/runtime/panic.go:844 +0x258
html/template.Must(...)
	/usr/local/Cellar/go/1.18.2/libexec/src/html/template/template.go:374
todo_app/app/controllers.generateHTML({0x45981a0?, 0xc00007a620}, {0x0, 0x0}, {0xc00039b9e0?, 0x3, 0x0?})
	/Users/fujihara_hideyuki/projects/todo_app/app/controllers/server.go:18 +0x106
todo_app/app/controllers.login({0x45981a0?, 0xc00007a620?}, 0x0?)
	/Users/fujihara_hideyuki/projects/todo_app/app/controllers/route_auth.go:50 +0x8d
net/http.HandlerFunc.ServeHTTP(0x4f69d78?, {0x45981a0?, 0xc00007a620?}, 0x4011605?)
	/usr/local/Cellar/go/1.18.2/libexec/src/net/http/server.go:2084 +0x2f
net/http.(*ServeMux).ServeHTTP(0x0?, {0x45981a0, 0xc00007a620}, 0xc00010cb00)
	/usr/local/Cellar/go/1.18.2/libexec/src/net/http/server.go:2462 +0x149
net/http.serverHandler.ServeHTTP({0xc00014c2d0?}, {0x45981a0, 0xc00007a620}, 0xc00010cb00)
	/usr/local/Cellar/go/1.18.2/libexec/src/net/http/server.go:2916 +0x43b
net/http.(*conn).serve(0xc0000b99a0, {0x4598458, 0xc00009b560})
	/usr/local/Cellar/go/1.18.2/libexec/src/net/http/server.go:1966 +0x5d7
created by net/http.(*Server).Serve
	/usr/local/Cellar/go/1.18.2/libexec/src/net/http/server.go:3071 +0x4db
2022/06/20 21:01:53 server.go:3197: http: panic serving [::1]:52074: open app/views/templates/public_nabvar.html: no such file or directory
goroutine 101 [running]:
net/http.(*conn).serve.func1()
	/usr/local/Cellar/go/1.18.2/libexec/src/net/http/server.go:1825 +0xbf
panic({0x44b2f20, 0xc000336fc0})
	/usr/local/Cellar/go/1.18.2/libexec/src/runtime/panic.go:844 +0x258
html/template.Must(...)
	/usr/local/Cellar/go/1.18.2/libexec/src/html/template/template.go:374
todo_app/app/controllers.generateHTML({0x45981a0?, 0xc0003bc620}, {0x0, 0x0}, {0xc0003999e0?, 0x3, 0x0?})
	/Users/fujihara_hideyuki/projects/todo_app/app/controllers/server.go:18 +0x106
todo_app/app/controllers.login({0x45981a0?, 0xc0003bc620?}, 0x0?)
	/Users/fujihara_hideyuki/projects/todo_app/app/controllers/route_auth.go:50 +0x8d
net/http.HandlerFunc.ServeHTTP(0x4f69d78?, {0x45981a0?, 0xc0003bc620?}, 0x4011605?)
	/usr/local/Cellar/go/1.18.2/libexec/src/net/http/server.go:2084 +0x2f
net/http.(*ServeMux).ServeHTTP(0x0?, {0x45981a0, 0xc0003bc620}, 0xc0003a6700)
	/usr/local/Cellar/go/1.18.2/libexec/src/net/http/server.go:2462 +0x149
net/http.serverHandler.ServeHTTP({0xc000336b40?}, {0x45981a0, 0xc0003bc620}, 0xc0003a6700)
	/usr/local/Cellar/go/1.18.2/libexec/src/net/http/server.go:2916 +0x43b
net/http.(*conn).serve(0xc00038c320, {0x4598458, 0xc00009b560})
	/usr/local/Cellar/go/1.18.2/libexec/src/net/http/server.go:1966 +0x5d7
created by net/http.(*Server).Serve
	/usr/local/Cellar/go/1.18.2/libexec/src/net/http/server.go:3071 +0x4db
2022/06/20 21:01:55 server.go:3197: http: panic serving [::1]:52075: open app/views/templates/public_nabvar.html: no such file or directory
goroutine 70 [running]:
net/http.(*conn).serve.func1()
	/usr/local/Cellar/go/1.18.2/libexec/src/net/http/server.go:1825 +0xbf
panic({0x44b2f20, 0xc000337440})
	/usr/local/Cellar/go/1.18.2/libexec/src/runtime/panic.go:844 +0x258
html/template.Must(...)
	/usr/local/Cellar/go/1.18.2/libexec/src/html/template/template.go:374
todo_app/app/controllers.generateHTML({0x45981a0?, 0xc0003bc700}, {0x0, 0x0}, {0xc00004b9e0?, 0x3, 0x0?})
	/Users/fujihara_hideyuki/projects/todo_app/app/controllers/server.go:18 +0x106
todo_app/app/controllers.login({0x45981a0?, 0xc0003bc700?}, 0x0?)
	/Users/fujihara_hideyuki/projects/todo_app/app/controllers/route_auth.go:50 +0x8d
net/http.HandlerFunc.ServeHTTP(0x4f69d78?, {0x45981a0?, 0xc0003bc700?}, 0x4011605?)
	/usr/local/Cellar/go/1.18.2/libexec/src/net/http/server.go:2084 +0x2f
net/http.(*ServeMux).ServeHTTP(0x0?, {0x45981a0, 0xc0003bc700}, 0xc000184e00)
	/usr/local/Cellar/go/1.18.2/libexec/src/net/http/server.go:2462 +0x149
net/http.serverHandler.ServeHTTP({0xc000335e30?}, {0x45981a0, 0xc0003bc700}, 0xc000184e00)
	/usr/local/Cellar/go/1.18.2/libexec/src/net/http/server.go:2916 +0x43b
net/http.(*conn).serve(0xc0001d2460, {0x4598458, 0xc00009b560})
	/usr/local/Cellar/go/1.18.2/libexec/src/net/http/server.go:1966 +0x5d7
created by net/http.(*Server).Serve
	/usr/local/Cellar/go/1.18.2/libexec/src/net/http/server.go:3071 +0x4db
2022/06/20 21:01:55 server.go:3197: http: panic serving [::1]:52076: open app/views/templates/public_nabvar.html: no such file or directory
goroutine 71 [running]:
net/http.(*conn).serve.func1()
	/usr/local/Cellar/go/1.18.2/libexec/src/net/http/server.go:1825 +0xbf
panic({0x44b2f20, 0xc000334450})
	/usr/local/Cellar/go/1.18.2/libexec/src/runtime/panic.go:844 +0x258
html/template.Must(...)
	/usr/local/Cellar/go/1.18.2/libexec/src/html/template/template.go:374
todo_app/app/controllers.generateHTML({0x45981a0?, 0xc0003bc000}, {0x0, 0x0}, {0xc00039a9e0?, 0x3, 0x0?})
	/Users/fujihara_hideyuki/projects/todo_app/app/controllers/server.go:18 +0x106
todo_app/app/controllers.login({0x45981a0?, 0xc0003bc000?}, 0x0?)
	/Users/fujihara_hideyuki/projects/todo_app/app/controllers/route_auth.go:50 +0x8d
net/http.HandlerFunc.ServeHTTP(0x4f69e68?, {0x45981a0?, 0xc0003bc000?}, 0x4011605?)
	/usr/local/Cellar/go/1.18.2/libexec/src/net/http/server.go:2084 +0x2f
net/http.(*ServeMux).ServeHTTP(0x0?, {0x45981a0, 0xc0003bc000}, 0xc000184d00)
	/usr/local/Cellar/go/1.18.2/libexec/src/net/http/server.go:2462 +0x149
net/http.serverHandler.ServeHTTP({0xc000335dd0?}, {0x45981a0, 0xc0003bc000}, 0xc000184d00)
	/usr/local/Cellar/go/1.18.2/libexec/src/net/http/server.go:2916 +0x43b
net/http.(*conn).serve(0xc0001d2500, {0x4598458, 0xc00009b560})
	/usr/local/Cellar/go/1.18.2/libexec/src/net/http/server.go:1966 +0x5d7
created by net/http.(*Server).Serve
	/usr/local/Cellar/go/1.18.2/libexec/src/net/http/server.go:3071 +0x4db
2022/06/20 21:01:55 server.go:3197: http: panic serving [::1]:52077: open app/views/templates/public_nabvar.html: no such file or directory
goroutine 107 [running]:
net/http.(*conn).serve.func1()
	/usr/local/Cellar/go/1.18.2/libexec/src/net/http/server.go:1825 +0xbf
panic({0x44b2f20, 0xc000336510})
	/usr/local/Cellar/go/1.18.2/libexec/src/runtime/panic.go:844 +0x258
html/template.Must(...)
	/usr/local/Cellar/go/1.18.2/libexec/src/html/template/template.go:374
todo_app/app/controllers.generateHTML({0x45981a0?, 0xc00011e0e0}, {0x0, 0x0}, {0xc00004f9e0?, 0x3, 0x0?})
	/Users/fujihara_hideyuki/projects/todo_app/app/controllers/server.go:18 +0x106
todo_app/app/controllers.login({0x45981a0?, 0xc00011e0e0?}, 0x0?)
	/Users/fujihara_hideyuki/projects/todo_app/app/controllers/route_auth.go:50 +0x8d
net/http.HandlerFunc.ServeHTTP(0x4f69e68?, {0x45981a0?, 0xc00011e0e0?}, 0x4011605?)
	/usr/local/Cellar/go/1.18.2/libexec/src/net/http/server.go:2084 +0x2f
net/http.(*ServeMux).ServeHTTP(0x0?, {0x45981a0, 0xc00011e0e0}, 0xc000072000)
	/usr/local/Cellar/go/1.18.2/libexec/src/net/http/server.go:2462 +0x149
net/http.serverHandler.ServeHTTP({0xc000336090?}, {0x45981a0, 0xc00011e0e0}, 0xc000072000)
	/usr/local/Cellar/go/1.18.2/libexec/src/net/http/server.go:2916 +0x43b
net/http.(*conn).serve(0xc0001d2000, {0x4598458, 0xc00009b560})
	/usr/local/Cellar/go/1.18.2/libexec/src/net/http/server.go:1966 +0x5d7
created by net/http.(*Server).Serve
	/usr/local/Cellar/go/1.18.2/libexec/src/net/http/server.go:3071 +0x4db
2022/06/20 21:02:00 server.go:3197: http: panic serving [::1]:52078: open app/views/templates/public_nabvar.html: no such file or directory
goroutine 90 [running]:
net/http.(*conn).serve.func1()
	/usr/local/Cellar/go/1.18.2/libexec/src/net/http/server.go:1825 +0xbf
panic({0x44b2f20, 0xc0003369c0})
	/usr/local/Cellar/go/1.18.2/libexec/src/runtime/panic.go:844 +0x258
html/template.Must(...)
	/usr/local/Cellar/go/1.18.2/libexec/src/html/template/template.go:374
todo_app/app/controllers.generateHTML({0x45981a0?, 0xc00011e1c0}, {0x0, 0x0}, {0xc0000499e0?, 0x3, 0x0?})
	/Users/fujihara_hideyuki/projects/todo_app/app/controllers/server.go:18 +0x106
todo_app/app/controllers.login({0x45981a0?, 0xc00011e1c0?}, 0x0?)
	/Users/fujihara_hideyuki/projects/todo_app/app/controllers/route_auth.go:50 +0x8d
net/http.HandlerFunc.ServeHTTP(0x4f69e68?, {0x45981a0?, 0xc00011e1c0?}, 0x4011605?)
	/usr/local/Cellar/go/1.18.2/libexec/src/net/http/server.go:2084 +0x2f
net/http.(*ServeMux).ServeHTTP(0x0?, {0x45981a0, 0xc00011e1c0}, 0xc000184100)
	/usr/local/Cellar/go/1.18.2/libexec/src/net/http/server.go:2462 +0x149
net/http.serverHandler.ServeHTTP({0xc000186150?}, {0x45981a0, 0xc00011e1c0}, 0xc000184100)
	/usr/local/Cellar/go/1.18.2/libexec/src/net/http/server.go:2916 +0x43b
net/http.(*conn).serve(0xc0000b8280, {0x4598458, 0xc00009b560})
	/usr/local/Cellar/go/1.18.2/libexec/src/net/http/server.go:1966 +0x5d7
created by net/http.(*Server).Serve
	/usr/local/Cellar/go/1.18.2/libexec/src/net/http/server.go:3071 +0x4db
2022/06/20 21:02:00 server.go:3197: http: panic serving [::1]:52079: open app/views/templates/public_nabvar.html: no such file or directory
goroutine 91 [running]:
net/http.(*conn).serve.func1()
	/usr/local/Cellar/go/1.18.2/libexec/src/net/http/server.go:1825 +0xbf
panic({0x44b2f20, 0xc000334930})
	/usr/local/Cellar/go/1.18.2/libexec/src/runtime/panic.go:844 +0x258
html/template.Must(...)
	/usr/local/Cellar/go/1.18.2/libexec/src/html/template/template.go:374
todo_app/app/controllers.generateHTML({0x45981a0?, 0xc0003bc0e0}, {0x0, 0x0}, {0xc00039f9e0?, 0x3, 0x0?})
	/Users/fujihara_hideyuki/projects/todo_app/app/controllers/server.go:18 +0x106
todo_app/app/controllers.login({0x45981a0?, 0xc0003bc0e0?}, 0x0?)
	/Users/fujihara_hideyuki/projects/todo_app/app/controllers/route_auth.go:50 +0x8d
net/http.HandlerFunc.ServeHTTP(0x4f69d78?, {0x45981a0?, 0xc0003bc0e0?}, 0x4011605?)
	/usr/local/Cellar/go/1.18.2/libexec/src/net/http/server.go:2084 +0x2f
net/http.(*ServeMux).ServeHTTP(0x0?, {0x45981a0, 0xc0003bc0e0}, 0xc000184000)
	/usr/local/Cellar/go/1.18.2/libexec/src/net/http/server.go:2462 +0x149
net/http.serverHandler.ServeHTTP({0xc0001860f0?}, {0x45981a0, 0xc0003bc0e0}, 0xc000184000)
	/usr/local/Cellar/go/1.18.2/libexec/src/net/http/server.go:2916 +0x43b
net/http.(*conn).serve(0xc0000b8960, {0x4598458, 0xc00009b560})
	/usr/local/Cellar/go/1.18.2/libexec/src/net/http/server.go:1966 +0x5d7
created by net/http.(*Server).Serve
	/usr/local/Cellar/go/1.18.2/libexec/src/net/http/server.go:3071 +0x4db
2022/06/20 21:02:00 server.go:3197: http: panic serving [::1]:52080: open app/views/templates/public_nabvar.html: no such file or directory
goroutine 112 [running]:
net/http.(*conn).serve.func1()
	/usr/local/Cellar/go/1.18.2/libexec/src/net/http/server.go:1825 +0xbf
panic({0x44b2f20, 0xc000336f00})
	/usr/local/Cellar/go/1.18.2/libexec/src/runtime/panic.go:844 +0x258
html/template.Must(...)
	/usr/local/Cellar/go/1.18.2/libexec/src/html/template/template.go:374
todo_app/app/controllers.generateHTML({0x45981a0?, 0xc00011e2a0}, {0x0, 0x0}, {0xc0000499e0?, 0x3, 0x0?})
	/Users/fujihara_hideyuki/projects/todo_app/app/controllers/server.go:18 +0x106
todo_app/app/controllers.login({0x45981a0?, 0xc00011e2a0?}, 0x0?)
	/Users/fujihara_hideyuki/projects/todo_app/app/controllers/route_auth.go:50 +0x8d
net/http.HandlerFunc.ServeHTTP(0x4f69d78?, {0x45981a0?, 0xc00011e2a0?}, 0x4011605?)
	/usr/local/Cellar/go/1.18.2/libexec/src/net/http/server.go:2084 +0x2f
net/http.(*ServeMux).ServeHTTP(0x0?, {0x45981a0, 0xc00011e2a0}, 0xc000072100)
	/usr/local/Cellar/go/1.18.2/libexec/src/net/http/server.go:2462 +0x149
net/http.serverHandler.ServeHTTP({0xc000336a80?}, {0x45981a0, 0xc00011e2a0}, 0xc000072100)
	/usr/local/Cellar/go/1.18.2/libexec/src/net/http/server.go:2916 +0x43b
net/http.(*conn).serve(0xc0001d20a0, {0x4598458, 0xc00009b560})
	/usr/local/Cellar/go/1.18.2/libexec/src/net/http/server.go:1966 +0x5d7
created by net/http.(*Server).Serve
	/usr/local/Cellar/go/1.18.2/libexec/src/net/http/server.go:3071 +0x4db
2022/06/20 21:02:30 server.go:3197: http: panic serving [::1]:52092: open app/views/templates/public_nabvar.html: no such file or directory
goroutine 73 [running]:
net/http.(*conn).serve.func1()
	/usr/local/Cellar/go/1.18.2/libexec/src/net/http/server.go:1825 +0xbf
panic({0x44b2f20, 0xc000337020})
	/usr/local/Cellar/go/1.18.2/libexec/src/runtime/panic.go:844 +0x258
html/template.Must(...)
	/usr/local/Cellar/go/1.18.2/libexec/src/html/template/template.go:374
todo_app/app/controllers.generateHTML({0x45981a0?, 0xc0003bc1c0}, {0x0, 0x0}, {0xc0000499e0?, 0x3, 0x0?})
	/Users/fujihara_hideyuki/projects/todo_app/app/controllers/server.go:18 +0x106
todo_app/app/controllers.login({0x45981a0?, 0xc0003bc1c0?}, 0x0?)
	/Users/fujihara_hideyuki/projects/todo_app/app/controllers/route_auth.go:50 +0x8d
net/http.HandlerFunc.ServeHTTP(0x4f69d78?, {0x45981a0?, 0xc0003bc1c0?}, 0x4011605?)
	/usr/local/Cellar/go/1.18.2/libexec/src/net/http/server.go:2084 +0x2f
net/http.(*ServeMux).ServeHTTP(0x0?, {0x45981a0, 0xc0003bc1c0}, 0xc000072200)
	/usr/local/Cellar/go/1.18.2/libexec/src/net/http/server.go:2462 +0x149
net/http.serverHandler.ServeHTTP({0xc000336f60?}, {0x45981a0, 0xc0003bc1c0}, 0xc000072200)
	/usr/local/Cellar/go/1.18.2/libexec/src/net/http/server.go:2916 +0x43b
net/http.(*conn).serve(0xc00046e000, {0x4598458, 0xc00009b560})
	/usr/local/Cellar/go/1.18.2/libexec/src/net/http/server.go:1966 +0x5d7
created by net/http.(*Server).Serve
	/usr/local/Cellar/go/1.18.2/libexec/src/net/http/server.go:3071 +0x4db
2022/06/20 21:02:30 server.go:3197: http: panic serving [::1]:52093: open app/views/templates/public_nabvar.html: no such file or directory
goroutine 74 [running]:
net/http.(*conn).serve.func1()
	/usr/local/Cellar/go/1.18.2/libexec/src/net/http/server.go:1825 +0xbf
panic({0x44b2f20, 0xc0001f8600})
	/usr/local/Cellar/go/1.18.2/libexec/src/runtime/panic.go:844 +0x258
html/template.Must(...)
	/usr/local/Cellar/go/1.18.2/libexec/src/html/template/template.go:374
todo_app/app/controllers.generateHTML({0x45981a0?, 0xc00047c000}, {0x0, 0x0}, {0xc0003989e0?, 0x3, 0x0?})
	/Users/fujihara_hideyuki/projects/todo_app/app/controllers/server.go:18 +0x106
todo_app/app/controllers.login({0x45981a0?, 0xc00047c000?}, 0x0?)
	/Users/fujihara_hideyuki/projects/todo_app/app/controllers/route_auth.go:50 +0x8d
net/http.HandlerFunc.ServeHTTP(0x4f61a20?, {0x45981a0?, 0xc00047c000?}, 0x4011605?)
	/usr/local/Cellar/go/1.18.2/libexec/src/net/http/server.go:2084 +0x2f
net/http.(*ServeMux).ServeHTTP(0x0?, {0x45981a0, 0xc00047c000}, 0xc000470000)
	/usr/local/Cellar/go/1.18.2/libexec/src/net/http/server.go:2462 +0x149
net/http.serverHandler.ServeHTTP({0xc0001f8180?}, {0x45981a0, 0xc00047c000}, 0xc000470000)
	/usr/local/Cellar/go/1.18.2/libexec/src/net/http/server.go:2916 +0x43b
net/http.(*conn).serve(0xc00046e0a0, {0x4598458, 0xc00009b560})
	/usr/local/Cellar/go/1.18.2/libexec/src/net/http/server.go:1966 +0x5d7
created by net/http.(*Server).Serve
	/usr/local/Cellar/go/1.18.2/libexec/src/net/http/server.go:3071 +0x4db
2022/06/20 21:02:30 server.go:3197: http: panic serving [::1]:52094: open app/views/templates/public_nabvar.html: no such file or directory
goroutine 122 [running]:
net/http.(*conn).serve.func1()
	/usr/local/Cellar/go/1.18.2/libexec/src/net/http/server.go:1825 +0xbf
panic({0x44b2f20, 0xc0003352c0})
	/usr/local/Cellar/go/1.18.2/libexec/src/runtime/panic.go:844 +0x258
html/template.Must(...)
	/usr/local/Cellar/go/1.18.2/libexec/src/html/template/template.go:374
todo_app/app/controllers.generateHTML({0x45981a0?, 0xc0003bc2a0}, {0x0, 0x0}, {0xc0000499e0?, 0x3, 0x0?})
	/Users/fujihara_hideyuki/projects/todo_app/app/controllers/server.go:18 +0x106
todo_app/app/controllers.login({0x45981a0?, 0xc0003bc2a0?}, 0x0?)
	/Users/fujihara_hideyuki/projects/todo_app/app/controllers/route_auth.go:50 +0x8d
net/http.HandlerFunc.ServeHTTP(0x4f69e68?, {0x45981a0?, 0xc0003bc2a0?}, 0x4011605?)
	/usr/local/Cellar/go/1.18.2/libexec/src/net/http/server.go:2084 +0x2f
net/http.(*ServeMux).ServeHTTP(0x0?, {0x45981a0, 0xc0003bc2a0}, 0xc00017e000)
	/usr/local/Cellar/go/1.18.2/libexec/src/net/http/server.go:2462 +0x149
net/http.serverHandler.ServeHTTP({0xc000334e40?}, {0x45981a0, 0xc0003bc2a0}, 0xc00017e000)
	/usr/local/Cellar/go/1.18.2/libexec/src/net/http/server.go:2916 +0x43b
net/http.(*conn).serve(0xc00017c000, {0x4598458, 0xc00009b560})
	/usr/local/Cellar/go/1.18.2/libexec/src/net/http/server.go:1966 +0x5d7
created by net/http.(*Server).Serve
	/usr/local/Cellar/go/1.18.2/libexec/src/net/http/server.go:3071 +0x4db
2022/06/21 20:18:41 route_auth.go:59: sql: no rows in result set
2022/06/21 20:18:41 server.go:3197: http: superfluous response.WriteHeader call from todo_app/app/controllers.auhenticate (route_auth.go:77)
2022/07/01 10:41:35 route_main.go:62: sql: no rows in result set
2022/07/01 10:41:35 route_main.go:62: sql: no rows in result set
2022/07/01 10:42:04 route_main.go:62: sql: no rows in result set
2022/07/01 10:42:04 route_main.go:62: sql: no rows in result set
2022/07/01 10:42:06 route_main.go:62: sql: no rows in result set
2022/07/01 10:42:06 route_main.go:62: sql: no rows in result set
2022/07/01 10:42:13 route_main.go:62: sql: no rows in result set
2022/07/01 10:42:13 route_main.go:62: sql: no rows in result set
2022/07/01 10:42:21 route_main.go:62: sql: no rows in result set
2022/07/01 10:42:21 route_main.go:62: sql: no rows in result set
2022/07/01 10:57:44 route_main.go:62: sql: no rows in result set
2022/07/01 10:57:44 route_main.go:62: sql: no rows in result set
2022/07/01 10:58:04 route_main.go:62: sql: no rows in result set
2022/07/01 11:11:24 route_main.go:62: sql: no rows in result set
2022/07/01 11:11:59 route_main.go:102: sql: no rows in result set
2022/07/01 11:11:59 server.go:3197: http: panic serving [::1]:50591: sql: no rows in result set

goroutine 5 [running]:
net/http.(*conn).serve.func1()
	/usr/local/Cellar/go/1.18.2/libexec/src/net/http/server.go:1825 +0xbf
panic({0x4492740, 0xc0000120d0})
	/usr/local/Cellar/go/1.18.2/libexec/src/runtime/panic.go:844 +0x258
log.Panicln({0xc0000cd880?, 0x0?, 0x0?})
	/usr/local/Cellar/go/1.18.2/libexec/src/log/log.go:399 +0x65
todo_app/app/controllers.todoSave({0x459aea0, 0xc00025a000}, 0x0?)
	/Users/fujihara_hideyuki/projects/todo_app/app/controllers/route_main.go:102 +0x24c
net/http.HandlerFunc.ServeHTTP(0x72?, {0x459aea0?, 0xc00025a000?}, 0x40656f6?)
	/usr/local/Cellar/go/1.18.2/libexec/src/net/http/server.go:2084 +0x2f
net/http.(*ServeMux).ServeHTTP(0x0?, {0x459aea0, 0xc00025a000}, 0xc00010c200)
	/usr/local/Cellar/go/1.18.2/libexec/src/net/http/server.go:2462 +0x149
net/http.serverHandler.ServeHTTP({0x459a1e8?}, {0x459aea0, 0xc00025a000}, 0xc00010c200)
	/usr/local/Cellar/go/1.18.2/libexec/src/net/http/server.go:2916 +0x43b
net/http.(*conn).serve(0xc000072000, {0x459b158, 0xc00009b590})
	/usr/local/Cellar/go/1.18.2/libexec/src/net/http/server.go:1966 +0x5d7
created by net/http.(*Server).Serve
	/usr/local/Cellar/go/1.18.2/libexec/src/net/http/server.go:3071 +0x4db
2022/07/01 11:11:59 route_main.go:102: sql: no rows in result set
2022/07/01 11:11:59 server.go:3197: http: panic serving [::1]:50592: sql: no rows in result set

goroutine 20 [running]:
net/http.(*conn).serve.func1()
	/usr/local/Cellar/go/1.18.2/libexec/src/net/http/server.go:1825 +0xbf
panic({0x4492740, 0xc0002982e0})
	/usr/local/Cellar/go/1.18.2/libexec/src/runtime/panic.go:844 +0x258
log.Panicln({0xc0002ed880?, 0x0?, 0x0?})
	/usr/local/Cellar/go/1.18.2/libexec/src/log/log.go:399 +0x65
todo_app/app/controllers.todoSave({0x459aea0, 0xc00029a0e0}, 0x0?)
	/Users/fujihara_hideyuki/projects/todo_app/app/controllers/route_main.go:102 +0x24c
net/http.HandlerFunc.ServeHTTP(0x4a0ba88?, {0x459aea0?, 0xc00029a0e0?}, 0x40656f6?)
	/usr/local/Cellar/go/1.18.2/libexec/src/net/http/server.go:2084 +0x2f
net/http.(*ServeMux).ServeHTTP(0x0?, {0x459aea0, 0xc00029a0e0}, 0xc00010c100)
	/usr/local/Cellar/go/1.18.2/libexec/src/net/http/server.go:2462 +0x149
net/http.serverHandler.ServeHTTP({0x459a1e8?}, {0x459aea0, 0xc00029a0e0}, 0xc00010c100)
	/usr/local/Cellar/go/1.18.2/libexec/src/net/http/server.go:2916 +0x43b
net/http.(*conn).serve(0xc0000b9360, {0x459b158, 0xc00009b590})
	/usr/local/Cellar/go/1.18.2/libexec/src/net/http/server.go:1966 +0x5d7
created by net/http.(*Server).Serve
	/usr/local/Cellar/go/1.18.2/libexec/src/net/http/server.go:3071 +0x4db
2022/07/01 11:11:59 route_main.go:102: sql: no rows in result set
2022/07/01 11:11:59 server.go:3197: http: panic serving [::1]:50599: sql: no rows in result set

goroutine 25 [running]:
net/http.(*conn).serve.func1()
	/usr/local/Cellar/go/1.18.2/libexec/src/net/http/server.go:1825 +0xbf
panic({0x4492740, 0xc0000993e0})
	/usr/local/Cellar/go/1.18.2/libexec/src/runtime/panic.go:844 +0x258
log.Panicln({0xc0000c3880?, 0x0?, 0x0?})
	/usr/local/Cellar/go/1.18.2/libexec/src/log/log.go:399 +0x65
todo_app/app/controllers.todoSave({0x459aea0, 0xc00011e1c0}, 0x0?)
	/Users/fujihara_hideyuki/projects/todo_app/app/controllers/route_main.go:102 +0x24c
net/http.HandlerFunc.ServeHTTP(0x0?, {0x459aea0?, 0xc00011e1c0?}, 0x40656f6?)
	/usr/local/Cellar/go/1.18.2/libexec/src/net/http/server.go:2084 +0x2f
net/http.(*ServeMux).ServeHTTP(0x0?, {0x459aea0, 0xc00011e1c0}, 0xc00010c300)
	/usr/local/Cellar/go/1.18.2/libexec/src/net/http/server.go:2462 +0x149
net/http.serverHandler.ServeHTTP({0x459a1e8?}, {0x459aea0, 0xc00011e1c0}, 0xc00010c300)
	/usr/local/Cellar/go/1.18.2/libexec/src/net/http/server.go:2916 +0x43b
net/http.(*conn).serve(0xc0000b9540, {0x459b158, 0xc00009b590})
	/usr/local/Cellar/go/1.18.2/libexec/src/net/http/server.go:1966 +0x5d7
created by net/http.(*Server).Serve
	/usr/local/Cellar/go/1.18.2/libexec/src/net/http/server.go:3071 +0x4db
2022/07/02 10:33:03 route_main.go:63: sql: no rows in result set
2022/07/02 10:33:04 route_main.go:63: sql: no rows in result set
2022/07/02 10:33:07 route_main.go:63: sql: no rows in result set
2022/07/02 10:33:07 route_main.go:63: sql: no rows in result set
2022/07/02 10:33:09 route_main.go:63: sql: no rows in result set
2022/07/02 10:33:15 route_main.go:63: sql: no rows in result set
2022/07/02 10:33:16 route_main.go:63: sql: no rows in result set
2022/07/02 10:48:08 route_main.go:63: sql: no rows in result set
2022/07/02 10:48:08 route_main.go:63: sql: no rows in result set
2022/07/02 11:01:50 route_main.go:63: sql: no rows in result set
2022/07/02 11:02:00 route_main.go:103: sql: no rows in result set
2022/07/02 11:02:00 server.go:3197: http: panic serving [::1]:55800: sql: no rows in result set

goroutine 20 [running]:
net/http.(*conn).serve.func1()
	/usr/local/Cellar/go/1.18.2/libexec/src/net/http/server.go:1825 +0xbf
panic({0x4491d80, 0xc00021c220})
	/usr/local/Cellar/go/1.18.2/libexec/src/runtime/panic.go:844 +0x258
log.Panicln({0xc0000cd880?, 0x0?, 0x0?})
	/usr/local/Cellar/go/1.18.2/libexec/src/log/log.go:399 +0x65
todo_app/app/controllers.todoSave({0x459a8a0, 0xc00021e0e0}, 0x0?)
	/Users/fujihara_hideyuki/projects/todo_app/app/controllers/route_main.go:103 +0x24c
net/http.HandlerFunc.ServeHTTP(0x72?, {0x459a8a0?, 0xc00021e0e0?}, 0x4063df6?)
	/usr/local/Cellar/go/1.18.2/libexec/src/net/http/server.go:2084 +0x2f
net/http.(*ServeMux).ServeHTTP(0x0?, {0x459a8a0, 0xc00021e0e0}, 0xc00018c600)
	/usr/local/Cellar/go/1.18.2/libexec/src/net/http/server.go:2462 +0x149
net/http.serverHandler.ServeHTTP({0x4599be8?}, {0x459a8a0, 0xc00021e0e0}, 0xc00018c600)
	/usr/local/Cellar/go/1.18.2/libexec/src/net/http/server.go:2916 +0x43b
net/http.(*conn).serve(0xc0000b9540, {0x459ab58, 0xc00009b620})
	/usr/local/Cellar/go/1.18.2/libexec/src/net/http/server.go:1966 +0x5d7
created by net/http.(*Server).Serve
	/usr/local/Cellar/go/1.18.2/libexec/src/net/http/server.go:3071 +0x4db
2022/07/02 11:02:00 route_main.go:103: sql: no rows in result set
2022/07/02 11:02:00 server.go:3197: http: panic serving [::1]:55801: sql: no rows in result set

goroutine 21 [running]:
net/http.(*conn).serve.func1()
	/usr/local/Cellar/go/1.18.2/libexec/src/net/http/server.go:1825 +0xbf
panic({0x4491d80, 0xc00012c0a0})
	/usr/local/Cellar/go/1.18.2/libexec/src/runtime/panic.go:844 +0x258
log.Panicln({0xc0000c3880?, 0x0?, 0x0?})
	/usr/local/Cellar/go/1.18.2/libexec/src/log/log.go:399 +0x65
todo_app/app/controllers.todoSave({0x459a8a0, 0xc00012e000}, 0x0?)
	/Users/fujihara_hideyuki/projects/todo_app/app/controllers/route_main.go:103 +0x24c
net/http.HandlerFunc.ServeHTTP(0x4a0ba88?, {0x459a8a0?, 0xc00012e000?}, 0x4063df6?)
	/usr/local/Cellar/go/1.18.2/libexec/src/net/http/server.go:2084 +0x2f
net/http.(*ServeMux).ServeHTTP(0x0?, {0x459a8a0, 0xc00012e000}, 0xc00018c200)
	/usr/local/Cellar/go/1.18.2/libexec/src/net/http/server.go:2462 +0x149
net/http.serverHandler.ServeHTTP({0x4599be8?}, {0x459a8a0, 0xc00012e000}, 0xc00018c200)
	/usr/local/Cellar/go/1.18.2/libexec/src/net/http/server.go:2916 +0x43b
net/http.(*conn).serve(0xc0000b95e0, {0x459ab58, 0xc00009b620})
	/usr/local/Cellar/go/1.18.2/libexec/src/net/http/server.go:1966 +0x5d7
created by net/http.(*Server).Serve
	/usr/local/Cellar/go/1.18.2/libexec/src/net/http/server.go:3071 +0x4db
2022/07/02 11:02:00 route_main.go:103: sql: no rows in result set
2022/07/02 11:02:00 server.go:3197: http: panic serving [::1]:55805: sql: no rows in result set

goroutine 51 [running]:
net/http.(*conn).serve.func1()
	/usr/local/Cellar/go/1.18.2/libexec/src/net/http/server.go:1825 +0xbf
panic({0x4491d80, 0xc00012c170})
	/usr/local/Cellar/go/1.18.2/libexec/src/runtime/panic.go:844 +0x258
log.Panicln({0xc0000c3880?, 0x0?, 0x0?})
	/usr/local/Cellar/go/1.18.2/libexec/src/log/log.go:399 +0x65
todo_app/app/controllers.todoSave({0x459a8a0, 0xc00012e0e0}, 0x0?)
	/Users/fujihara_hideyuki/projects/todo_app/app/controllers/route_main.go:103 +0x24c
net/http.HandlerFunc.ServeHTTP(0x0?, {0x459a8a0?, 0xc00012e0e0?}, 0x4063df6?)
	/usr/local/Cellar/go/1.18.2/libexec/src/net/http/server.go:2084 +0x2f
net/http.(*ServeMux).ServeHTTP(0x0?, {0x459a8a0, 0xc00012e0e0}, 0xc000154000)
	/usr/local/Cellar/go/1.18.2/libexec/src/net/http/server.go:2462 +0x149
net/http.serverHandler.ServeHTTP({0x4599be8?}, {0x459a8a0, 0xc00012e0e0}, 0xc000154000)
	/usr/local/Cellar/go/1.18.2/libexec/src/net/http/server.go:2916 +0x43b
net/http.(*conn).serve(0xc000150000, {0x459ab58, 0xc00009b620})
	/usr/local/Cellar/go/1.18.2/libexec/src/net/http/server.go:1966 +0x5d7
created by net/http.(*Server).Serve
	/usr/local/Cellar/go/1.18.2/libexec/src/net/http/server.go:3071 +0x4db
2022/07/02 11:02:07 route_main.go:63: sql: no rows in result set
2022/07/02 11:02:07 route_main.go:63: sql: no rows in result set
2022/07/02 11:02:17 route_main.go:63: sql: no rows in result set
2022/07/02 11:02:17 route_main.go:63: sql: no rows in result set
2022/07/02 11:02:24 route_main.go:63: sql: no rows in result set
2022/07/02 11:02:25 route_main.go:63: sql: no rows in result set
2022/07/02 11:08:48 route_main.go:63: sql: no rows in result set
2022/07/02 11:08:48 route_main.go:63: sql: no rows in result set
2022/07/02 11:08:50 route_main.go:63: sql: no rows in result set
2022/07/02 11:08:50 route_main.go:63: sql: no rows in result set
2022/07/02 11:08:52 route_main.go:63: sql: no rows in result set
2022/07/02 11:08:59 route_main.go:103: sql: no rows in result set
2022/07/02 11:08:59 server.go:3197: http: panic serving [::1]:55857: sql: no rows in result set

goroutine 20 [running]:
net/http.(*conn).serve.func1()
	/usr/local/Cellar/go/1.18.2/libexec/src/net/http/server.go:1825 +0xbf
panic({0x4491d80, 0xc000298a70})
	/usr/local/Cellar/go/1.18.2/libexec/src/runtime/panic.go:844 +0x258
log.Panicln({0xc0000cd880?, 0x0?, 0x0?})
	/usr/local/Cellar/go/1.18.2/libexec/src/log/log.go:399 +0x65
todo_app/app/controllers.todoSave({0x459a8a0, 0xc00029a460}, 0x0?)
	/Users/fujihara_hideyuki/projects/todo_app/app/controllers/route_main.go:103 +0x24c
net/http.HandlerFunc.ServeHTTP(0x72?, {0x459a8a0?, 0xc00029a460?}, 0x4063e76?)
	/usr/local/Cellar/go/1.18.2/libexec/src/net/http/server.go:2084 +0x2f
net/http.(*ServeMux).ServeHTTP(0x0?, {0x459a8a0, 0xc00029a460}, 0xc0001a2300)
	/usr/local/Cellar/go/1.18.2/libexec/src/net/http/server.go:2462 +0x149
net/http.serverHandler.ServeHTTP({0x4599be8?}, {0x459a8a0, 0xc00029a460}, 0xc0001a2300)
	/usr/local/Cellar/go/1.18.2/libexec/src/net/http/server.go:2916 +0x43b
net/http.(*conn).serve(0xc0000b94a0, {0x459ab58, 0xc00009b620})
	/usr/local/Cellar/go/1.18.2/libexec/src/net/http/server.go:1966 +0x5d7
created by net/http.(*Server).Serve
	/usr/local/Cellar/go/1.18.2/libexec/src/net/http/server.go:3071 +0x4db
2022/07/02 11:08:59 route_main.go:103: sql: no rows in result set
2022/07/02 11:08:59 server.go:3197: http: panic serving [::1]:55858: sql: no rows in result set

goroutine 21 [running]:
net/http.(*conn).serve.func1()
	/usr/local/Cellar/go/1.18.2/libexec/src/net/http/server.go:1825 +0xbf
panic({0x4491d80, 0xc000012700})
	/usr/local/Cellar/go/1.18.2/libexec/src/runtime/panic.go:844 +0x258
log.Panicln({0xc0000bf880?, 0x0?, 0x0?})
	/usr/local/Cellar/go/1.18.2/libexec/src/log/log.go:399 +0x65
todo_app/app/controllers.todoSave({0x459a8a0, 0xc00007c2a0}, 0x0?)
	/Users/fujihara_hideyuki/projects/todo_app/app/controllers/route_main.go:103 +0x24c
net/http.HandlerFunc.ServeHTTP(0x4b0ba00?, {0x459a8a0?, 0xc00007c2a0?}, 0x4063e76?)
	/usr/local/Cellar/go/1.18.2/libexec/src/net/http/server.go:2084 +0x2f
net/http.(*ServeMux).ServeHTTP(0x0?, {0x459a8a0, 0xc00007c2a0}, 0xc00010c200)
	/usr/local/Cellar/go/1.18.2/libexec/src/net/http/server.go:2462 +0x149
net/http.serverHandler.ServeHTTP({0x4599be8?}, {0x459a8a0, 0xc00007c2a0}, 0xc00010c200)
	/usr/local/Cellar/go/1.18.2/libexec/src/net/http/server.go:2916 +0x43b
net/http.(*conn).serve(0xc0000b9540, {0x459ab58, 0xc00009b620})
	/usr/local/Cellar/go/1.18.2/libexec/src/net/http/server.go:1966 +0x5d7
created by net/http.(*Server).Serve
	/usr/local/Cellar/go/1.18.2/libexec/src/net/http/server.go:3071 +0x4db
2022/07/02 11:08:59 route_main.go:103: sql: no rows in result set
2022/07/02 11:08:59 server.go:3197: http: panic serving [::1]:55861: sql: no rows in result set

goroutine 43 [running]:
net/http.(*conn).serve.func1()
	/usr/local/Cellar/go/1.18.2/libexec/src/net/http/server.go:1825 +0xbf
panic({0x4491d80, 0xc00018e690})
	/usr/local/Cellar/go/1.18.2/libexec/src/runtime/panic.go:844 +0x258
log.Panicln({0xc0000c1880?, 0x0?, 0x0?})
	/usr/local/Cellar/go/1.18.2/libexec/src/log/log.go:399 +0x65
todo_app/app/controllers.todoSave({0x459a8a0, 0xc0001e41c0}, 0x0?)
	/Users/fujihara_hideyuki/projects/todo_app/app/controllers/route_main.go:103 +0x24c
net/http.HandlerFunc.ServeHTTP(0x4492040?, {0x459a8a0?, 0xc0001e41c0?}, 0x4063e76?)
	/usr/local/Cellar/go/1.18.2/libexec/src/net/http/server.go:2084 +0x2f
net/http.(*ServeMux).ServeHTTP(0x0?, {0x459a8a0, 0xc0001e41c0}, 0xc0001a2400)
	/usr/local/Cellar/go/1.18.2/libexec/src/net/http/server.go:2462 +0x149
net/http.serverHandler.ServeHTTP({0x4599be8?}, {0x459a8a0, 0xc0001e41c0}, 0xc0001a2400)
	/usr/local/Cellar/go/1.18.2/libexec/src/net/http/server.go:2916 +0x43b
net/http.(*conn).serve(0xc0001be3c0, {0x459ab58, 0xc00009b620})
	/usr/local/Cellar/go/1.18.2/libexec/src/net/http/server.go:1966 +0x5d7
created by net/http.(*Server).Serve
	/usr/local/Cellar/go/1.18.2/libexec/src/net/http/server.go:3071 +0x4db
2022/07/02 11:09:07 route_main.go:63: sql: no rows in result set
2022/07/02 11:09:07 route_main.go:63: sql: no rows in result set
2022/07/02 11:15:33 route_main.go:63: sql: no rows in result set
2022/07/02 11:15:33 route_main.go:63: sql: no rows in result set
2022/07/02 11:15:35 route_main.go:63: sql: no rows in result set
2022/07/02 11:15:35 route_main.go:63: sql: no rows in result set
2022/07/02 11:15:36 route_main.go:63: sql: no rows in result set
2022/07/02 11:15:36 route_main.go:63: sql: no rows in result set
2022/07/02 11:15:39 route_main.go:63: sql: no rows in result set
2022/07/02 11:15:39 route_main.go:63: sql: no rows in result set
2022/07/02 11:15:46 route_main.go:63: sql: no rows in result set
2022/07/02 11:15:52 route_main.go:103: sql: no rows in result set
2022/07/02 11:15:52 server.go:3197: http: panic serving [::1]:55911: sql: no rows in result set

goroutine 20 [running]:
net/http.(*conn).serve.func1()
	/usr/local/Cellar/go/1.18.2/libexec/src/net/http/server.go:1825 +0xbf
panic({0x4491d80, 0xc000013220})
	/usr/local/Cellar/go/1.18.2/libexec/src/runtime/panic.go:844 +0x258
log.Panicln({0xc0000cd880?, 0x0?, 0x0?})
	/usr/local/Cellar/go/1.18.2/libexec/src/log/log.go:399 +0x65
todo_app/app/controllers.todoSave({0x459a8a0, 0xc00007c8c0}, 0x0?)
	/Users/fujihara_hideyuki/projects/todo_app/app/controllers/route_main.go:103 +0x24c
net/http.HandlerFunc.ServeHTTP(0x72?, {0x459a8a0?, 0xc00007c8c0?}, 0x4063e76?)
	/usr/local/Cellar/go/1.18.2/libexec/src/net/http/server.go:2084 +0x2f
net/http.(*ServeMux).ServeHTTP(0x0?, {0x459a8a0, 0xc00007c8c0}, 0xc000286900)
	/usr/local/Cellar/go/1.18.2/libexec/src/net/http/server.go:2462 +0x149
net/http.serverHandler.ServeHTTP({0x4599be8?}, {0x459a8a0, 0xc00007c8c0}, 0xc000286900)
	/usr/local/Cellar/go/1.18.2/libexec/src/net/http/server.go:2916 +0x43b
net/http.(*conn).serve(0xc0000b94a0, {0x459ab58, 0xc00009b620})
	/usr/local/Cellar/go/1.18.2/libexec/src/net/http/server.go:1966 +0x5d7
created by net/http.(*Server).Serve
	/usr/local/Cellar/go/1.18.2/libexec/src/net/http/server.go:3071 +0x4db
2022/07/02 11:15:52 route_main.go:103: sql: no rows in result set
2022/07/02 11:15:52 server.go:3197: http: panic serving [::1]:55912: sql: no rows in result set

goroutine 21 [running]:
net/http.(*conn).serve.func1()
	/usr/local/Cellar/go/1.18.2/libexec/src/net/http/server.go:1825 +0xbf
panic({0x4491d80, 0xc00019c870})
	/usr/local/Cellar/go/1.18.2/libexec/src/runtime/panic.go:844 +0x258
log.Panicln({0xc0000c3880?, 0x0?, 0x0?})
	/usr/local/Cellar/go/1.18.2/libexec/src/log/log.go:399 +0x65
todo_app/app/controllers.todoSave({0x459a8a0, 0xc00019e2a0}, 0x0?)
	/Users/fujihara_hideyuki/projects/todo_app/app/controllers/route_main.go:103 +0x24c
net/http.HandlerFunc.ServeHTTP(0x4b0ba00?, {0x459a8a0?, 0xc00019e2a0?}, 0x4063e76?)
	/usr/local/Cellar/go/1.18.2/libexec/src/net/http/server.go:2084 +0x2f
net/http.(*ServeMux).ServeHTTP(0x0?, {0x459a8a0, 0xc00019e2a0}, 0xc00010c200)
	/usr/local/Cellar/go/1.18.2/libexec/src/net/http/server.go:2462 +0x149
net/http.serverHandler.ServeHTTP({0x4599be8?}, {0x459a8a0, 0xc00019e2a0}, 0xc00010c200)
	/usr/local/Cellar/go/1.18.2/libexec/src/net/http/server.go:2916 +0x43b
net/http.(*conn).serve(0xc0000b9540, {0x459ab58, 0xc00009b620})
	/usr/local/Cellar/go/1.18.2/libexec/src/net/http/server.go:1966 +0x5d7
created by net/http.(*Server).Serve
	/usr/local/Cellar/go/1.18.2/libexec/src/net/http/server.go:3071 +0x4db
2022/07/02 11:15:52 route_main.go:103: sql: no rows in result set
2022/07/02 11:15:52 server.go:3197: http: panic serving [::1]:55915: sql: no rows in result set

goroutine 90 [running]:
net/http.(*conn).serve.func1()
	/usr/local/Cellar/go/1.18.2/libexec/src/net/http/server.go:1825 +0xbf
panic({0x4491d80, 0xc000318510})
	/usr/local/Cellar/go/1.18.2/libexec/src/runtime/panic.go:844 +0x258
log.Panicln({0xc00036d880?, 0x0?, 0x0?})
	/usr/local/Cellar/go/1.18.2/libexec/src/log/log.go:399 +0x65
todo_app/app/controllers.todoSave({0x459a8a0, 0xc00031a1c0}, 0x0?)
	/Users/fujihara_hideyuki/projects/todo_app/app/controllers/route_main.go:103 +0x24c
net/http.HandlerFunc.ServeHTTP(0x4492040?, {0x459a8a0?, 0xc00031a1c0?}, 0x4063e76?)
	/usr/local/Cellar/go/1.18.2/libexec/src/net/http/server.go:2084 +0x2f
net/http.(*ServeMux).ServeHTTP(0x0?, {0x459a8a0, 0xc00031a1c0}, 0xc000352200)
	/usr/local/Cellar/go/1.18.2/libexec/src/net/http/server.go:2462 +0x149
net/http.serverHandler.ServeHTTP({0x4599be8?}, {0x459a8a0, 0xc00031a1c0}, 0xc000352200)
	/usr/local/Cellar/go/1.18.2/libexec/src/net/http/server.go:2916 +0x43b
net/http.(*conn).serve(0xc000346280, {0x459ab58, 0xc00009b620})
	/usr/local/Cellar/go/1.18.2/libexec/src/net/http/server.go:1966 +0x5d7
created by net/http.(*Server).Serve
	/usr/local/Cellar/go/1.18.2/libexec/src/net/http/server.go:3071 +0x4db
2022/07/02 11:16:12 route_main.go:63: sql: no rows in result set
2022/07/02 11:16:13 route_main.go:63: sql: no rows in result set
2022/07/02 11:30:42 route_main.go:66: sql: no rows in result set
2022/07/02 11:30:42 route_main.go:66: sql: no rows in result set
2022/07/02 11:30:44 route_main.go:66: sql: no rows in result set
2022/07/02 11:30:44 route_main.go:66: sql: no rows in result set
2022/07/02 11:30:45 route_main.go:66: sql: no rows in result set
2022/07/02 11:30:45 route_main.go:66: sql: no rows in result set
2022/07/02 11:30:51 route_main.go:66: sql: no rows in result set
2022/07/02 11:30:52 route_main.go:66: sql: no rows in result set
2022/07/02 11:41:42 route_main.go:66: sql: no rows in result set
2022/07/02 11:41:42 route_main.go:66: sql: no rows in result set
2022/07/02 11:41:45 route_main.go:66: sql: no rows in result set
2022/07/02 11:41:45 route_main.go:66: sql: no rows in result set
2022/07/02 11:41:46 route_main.go:66: sql: no rows in result set
2022/07/02 11:41:46 route_main.go:66: sql: no rows in result set
2022/07/02 11:41:48 route_main.go:66: sql: no rows in result set
2022/07/02 11:41:55 route_main.go:106: sql: no rows in result set
2022/07/02 11:41:55 route_main.go:66: sql: no rows in result set
2022/07/02 11:41:55 route_main.go:66: sql: no rows in result set
2022/07/02 11:42:16 route_main.go:66: sql: no rows in result set
2022/07/02 11:42:16 route_main.go:66: sql: no rows in result set
2022/07/02 11:43:21 route_main.go:66: sql: no rows in result set
2022/07/02 11:43:23 route_main.go:66: sql: no rows in result set
2022/07/02 11:44:50 route_main.go:66: sql: no rows in result set
2022/07/02 11:44:50 route_main.go:66: sql: no rows in result set
2022/07/02 11:44:55 route_main.go:66: sql: no rows in result set
2022/07/02 11:44:55 route_main.go:66: sql: no rows in result set
2022/07/02 12:01:11 route_main.go:66: sql: no rows in result set
2022/07/02 12:01:12 route_main.go:66: sql: no rows in result set
2022/07/02 12:01:14 route_main.go:66: sql: no rows in result set
2022/07/02 12:01:15 route_main.go:66: sql: no rows in result set
2022/07/02 12:01:20 route_main.go:66: sql: no rows in result set
2022/07/02 12:01:20 route_main.go:66: sql: no rows in result set
2022/07/02 13:16:12 route_main.go:66: sql: no rows in result set
2022/07/02 13:16:12 route_main.go:66: sql: no rows in result set
2022/07/02 13:16:15 route_main.go:66: sql: no rows in result set
2022/07/02 13:16:15 route_main.go:66: sql: no rows in result set
2022/07/02 13:21:55 route_main.go:66: sql: no rows in result set
2022/07/02 13:21:55 route_main.go:66: sql: no rows in result set
2022/07/02 13:22:04 route_main.go:66: sql: no rows in result set
2022/07/02 13:22:04 route_main.go:66: sql: no rows in result set
2022/07/02 14:02:40 route_main.go:66: sql: no rows in result set
2022/07/02 14:02:40 route_main.go:66: sql: no rows in result set
2022/07/02 14:08:52 route_main.go:66: sql: no rows in result set
2022/07/02 14:08:52 route_main.go:66: sql: no rows in result set
2022/07/02 14:12:36 route_main.go:66: sql: no rows in result set
2022/07/02 14:12:37 route_main.go:66: sql: no rows in result set
2022/07/02 14:12:39 route_main.go:66: sql: no rows in result set
2022/07/02 14:12:44 route_main.go:66: sql: no rows in result set
2022/07/02 14:12:46 route_main.go:66: sql: no rows in result set
2022/07/02 14:12:47 route_main.go:66: sql: no rows in result set
2022/07/02 14:12:48 route_main.go:181: sql: no rows in result set
2022/07/02 14:12:48 route_main.go:66: sql: no rows in result set
2022/07/02 14:12:49 route_main.go:66: sql: no rows in result set
2022/07/02 14:12:51 route_main.go:66: sql: no rows in result set
2022/07/02 14:12:52 route_main.go:66: sql: no rows in result set
2022/07/02 14:16:52 route_main.go:66: sql: no rows in result set
2022/07/02 14:16:52 route_main.go:66: sql: no rows in result set
2022/07/02 14:16:54 route_main.go:66: sql: no rows in result set
2022/07/02 14:16:54 route_main.go:66: sql: no rows in result set
2022/07/02 14:17:03 route_main.go:66: sql: no rows in result set
2022/07/02 14:17:03 route_main.go:66: sql: no rows in result set
2022/07/02 14:17:14 route_main.go:66: sql: no rows in result set
2022/07/02 14:17:14 route_main.go:66: sql: no rows in result set
